Using pre-set license
Built from '2020.3/release' branch; Version is '2020.3.27f1 (e759542391ea) revision 15161684'; Using compiler version '192528614'; Build Type 'Release'
OS: 'Windows 10  (10.0.19043) 64bit Core' Language: 'en' Physical Memory: 32666 MB
BatchMode: 1, IsHumanControllingUs: 0, StartBugReporterOnCrash: 0, Is64bit: 1, IsPro: 0

COMMAND LINE ARGUMENTS:
C:\Program Files\Unity\Hub\Editor\2020.3.27f1\Editor\Unity.exe
-adb2
-batchMode
-noUpm
-name
AssetImportWorker0
-projectPath
C:/Users/Admin/Documents/GitHub/Project22Level
-logFile
Logs/AssetImportWorker0.log
-srvPort
53156
Successfully changed project path to: C:/Users/Admin/Documents/GitHub/Project22Level
C:/Users/Admin/Documents/GitHub/Project22Level
Using Asset Import Pipeline V2.
Refreshing native plugins compatible for Editor in 36.87 ms, found 3 plugins.
Preloading 0 native plugins for Editor in 0.00 ms.
Initialize engine version: 2020.3.27f1 (e759542391ea)
[Subsystems] Discovering subsystems at path C:/Program Files/Unity/Hub/Editor/2020.3.27f1/Editor/Data/Resources/UnitySubsystems
[Subsystems] Discovering subsystems at path C:/Users/Admin/Documents/GitHub/Project22Level/Assets
GfxDevice: creating device client; threaded=0
Direct3D:
    Version:  Direct3D 11.0 [level 11.1]
    Renderer: NVIDIA GeForce RTX 2070 SUPER (ID=0x1e84)
    Vendor:   
    VRAM:     8012 MB
    Driver:   30.0.15.1215
Initialize mono
Mono path[0] = 'C:/Program Files/Unity/Hub/Editor/2020.3.27f1/Editor/Data/Managed'
Mono path[1] = 'C:/Program Files/Unity/Hub/Editor/2020.3.27f1/Editor/Data/MonoBleedingEdge/lib/mono/unityjit'
Mono config path = 'C:/Program Files/Unity/Hub/Editor/2020.3.27f1/Editor/Data/MonoBleedingEdge/etc'
Using monoOptions --debugger-agent=transport=dt_socket,embedding=1,server=y,suspend=n,address=127.0.0.1:56400
Begin MonoManager ReloadAssembly
Registering precompiled unity dll's ...
Register platform support module: C:/Program Files/Unity/Hub/Editor/2020.3.27f1/Editor/Data/PlaybackEngines/WindowsStandaloneSupport/UnityEditor.WindowsStandalone.Extensions.dll
Registered in 0.001397 seconds.
Native extension for WindowsStandalone target not found
Refreshing native plugins compatible for Editor in 36.89 ms, found 3 plugins.
Preloading 0 native plugins for Editor in 0.00 ms.
Mono: successfully reloaded assembly
- Completed reload, in  0.464 seconds
Domain Reload Profiling:
	ReloadAssembly (464ms)
		BeginReloadAssembly (46ms)
			ExecutionOrderSort (0ms)
			DisableScriptedObjects (0ms)
			BackupInstance (0ms)
			ReleaseScriptingObjects (0ms)
			CreateAndSetChildDomain (1ms)
		EndReloadAssembly (363ms)
			LoadAssemblies (45ms)
			RebuildTransferFunctionScriptingTraits (0ms)
			SetupTypeCache (119ms)
			ReleaseScriptCaches (0ms)
			RebuildScriptCaches (23ms)
			SetupLoadedEditorAssemblies (141ms)
				LogAssemblyErrors (0ms)
				InitializePlatformSupportModulesInManaged (3ms)
				SetLoadedEditorAssemblies (0ms)
				RefreshPlugins (37ms)
				BeforeProcessingInitializeOnLoad (11ms)
				ProcessInitializeOnLoadAttributes (67ms)
				ProcessInitializeOnLoadMethodAttributes (22ms)
				AfterProcessingInitializeOnLoad (0ms)
				EditorAssembliesLoaded (0ms)
			ExecutionOrderSort2 (0ms)
			AwakeInstancesAfterBackupRestoration (0ms)
Platform modules already initialized, skipping
Registering precompiled user dll's ...
Registered in 0.003347 seconds.
Begin MonoManager ReloadAssembly
Native extension for WindowsStandalone target not found
Refreshing native plugins compatible for Editor in 36.19 ms, found 3 plugins.
Preloading 0 native plugins for Editor in 0.00 ms.
Mono: successfully reloaded assembly
- Completed reload, in  0.866 seconds
Domain Reload Profiling:
	ReloadAssembly (867ms)
		BeginReloadAssembly (115ms)
			ExecutionOrderSort (0ms)
			DisableScriptedObjects (4ms)
			BackupInstance (0ms)
			ReleaseScriptingObjects (0ms)
			CreateAndSetChildDomain (13ms)
		EndReloadAssembly (705ms)
			LoadAssemblies (76ms)
			RebuildTransferFunctionScriptingTraits (0ms)
			SetupTypeCache (237ms)
			ReleaseScriptCaches (0ms)
			RebuildScriptCaches (35ms)
			SetupLoadedEditorAssemblies (267ms)
				LogAssemblyErrors (0ms)
				InitializePlatformSupportModulesInManaged (3ms)
				SetLoadedEditorAssemblies (0ms)
				RefreshPlugins (36ms)
				BeforeProcessingInitializeOnLoad (63ms)
				ProcessInitializeOnLoadAttributes (148ms)
				ProcessInitializeOnLoadMethodAttributes (13ms)
				AfterProcessingInitializeOnLoad (5ms)
				EditorAssembliesLoaded (0ms)
			ExecutionOrderSort2 (0ms)
			AwakeInstancesAfterBackupRestoration (5ms)
Platform modules already initialized, skipping
========================================================================
Worker process is ready to serve import requests
Launched and connected shader compiler UnityShaderCompiler.exe after 0.05 seconds
Refreshing native plugins compatible for Editor in 0.39 ms, found 3 plugins.
Preloading 0 native plugins for Editor in 0.00 ms.
Unloading 2198 Unused Serialized files (Serialized files now loaded: 0)
System memory in use before: 95.9 MB.
System memory in use after: 95.9 MB.

Unloading 34 unused Assets to reduce memory usage. Loaded Objects now: 2625.
Total: 2.345300 ms (FindLiveObjects: 0.167000 ms CreateObjectMapping: 0.096800 ms MarkObjects: 1.985700 ms  DeleteObjects: 0.094900 ms)

AssetImportParameters requested are different than current active one (requested -> active):
  custom:framework-win-MediaFoundation: 216162199b28c13a410421893ffa2e32 -> 
  custom:video-decoder-ogg-theora: a1e56fd34408186e4bbccfd4996cb3dc -> 
  custom:container-muxer-webm: aa71ff27fc2769a1b78a27578f13a17b -> 
  custom:container-demuxer-webm: 4f35f7cbe854078d1ac9338744f61a02 -> 
  custom:container-demuxer-ogg: 62fdf1f143b41e24485cea50d1cbac27 -> 
  custom:video-encoder-webm-vp8: eb34c28f22e8b96e1ab97ce403110664 -> 
  custom:video-decoder-webm-vp8: 9c59270c3fd7afecdb556c50c9e8de78 -> 
  custom:audio-decoder-ogg-vorbis: bf7c407c2cedff20999df2af8eb42d56 -> 
  custom:audio-encoder-webm-vorbis: bf7c407c2cedff20999df2af8eb42d56 -> 
========================================================================
Received Import Request.
  path: Assets/Tilemap/platformerPack_industrial_tilesheet_48.asset
  artifactKey: Guid(d5b946772a525124ba44736d8d878e07) Importer(815301076,1909f56bfc062723c751e8b465ee728b)
Start importing Assets/Tilemap/platformerPack_industrial_tilesheet_48.asset using Guid(d5b946772a525124ba44736d8d878e07) Importer(815301076,1909f56bfc062723c751e8b465ee728b)  -> (artifact id: '06c58a61e0639300f5ec21b332332c1a') in 0.064014 seconds 
  Import took 0.066508 seconds .

========================================================================
Received Import Request.
  Time since last request: 0.000168 seconds.
  path: Assets/Tilemap/platformerPack_industrial_tilesheet_104.asset
  artifactKey: Guid(dbc6db7dba8dd5447bd488207e0c8b65) Importer(815301076,1909f56bfc062723c751e8b465ee728b)
Start importing Assets/Tilemap/platformerPack_industrial_tilesheet_104.asset using Guid(dbc6db7dba8dd5447bd488207e0c8b65) Importer(815301076,1909f56bfc062723c751e8b465ee728b)  -> (artifact id: 'c1aedfce28b46dd16027f0039472c9ef') in 0.009173 seconds 
  Import took 0.011765 seconds .

========================================================================
Received Import Request.
  Time since last request: 0.000114 seconds.
  path: Assets/Tilemap/platformerPack_industrial_tilesheet_93.asset
  artifactKey: Guid(8d8e23d9965faca4ebd6a82208cab19d) Importer(815301076,1909f56bfc062723c751e8b465ee728b)
Start importing Assets/Tilemap/platformerPack_industrial_tilesheet_93.asset using Guid(8d8e23d9965faca4ebd6a82208cab19d) Importer(815301076,1909f56bfc062723c751e8b465ee728b)  -> (artifact id: '938751b98b65e903825ea99e5e78e929') in 0.006653 seconds 
  Import took 0.009173 seconds .

========================================================================
Received Import Request.
  Time since last request: 0.000118 seconds.
  path: Assets/Tilemap/platformerPack_industrial_tilesheet_69.asset
  artifactKey: Guid(697b942b11508e64f8a264a9874233e0) Importer(815301076,1909f56bfc062723c751e8b465ee728b)
Start importing Assets/Tilemap/platformerPack_industrial_tilesheet_69.asset using Guid(697b942b11508e64f8a264a9874233e0) Importer(815301076,1909f56bfc062723c751e8b465ee728b)  -> (artifact id: '7fddd9846f1a2b4d1957bca8148f03dc') in 0.006530 seconds 
  Import took 0.009101 seconds .

========================================================================
Received Import Request.
  Time since last request: 0.000108 seconds.
  path: Assets/Tilemap/platformerPack_industrial_tilesheet_62.asset
  artifactKey: Guid(f14f7aed336da7540af5bb433390505d) Importer(815301076,1909f56bfc062723c751e8b465ee728b)
Start importing Assets/Tilemap/platformerPack_industrial_tilesheet_62.asset using Guid(f14f7aed336da7540af5bb433390505d) Importer(815301076,1909f56bfc062723c751e8b465ee728b)  -> (artifact id: '1f8f4d9f1ff7deb50f18c5533bfdff2a') in 0.006568 seconds 
  Import took 0.009185 seconds .

========================================================================
Received Import Request.
  Time since last request: 0.000126 seconds.
  path: Assets/Tilemap/platformerPack_industrial_tilesheet_37.asset
  artifactKey: Guid(70052e2076dd0f346907d0ba7f2c32b5) Importer(815301076,1909f56bfc062723c751e8b465ee728b)
Start importing Assets/Tilemap/platformerPack_industrial_tilesheet_37.asset using Guid(70052e2076dd0f346907d0ba7f2c32b5) Importer(815301076,1909f56bfc062723c751e8b465ee728b)  -> (artifact id: 'c0b2a84a05768cb52080269a94631aca') in 0.006408 seconds 
  Import took 0.008874 seconds .

========================================================================
Received Import Request.
  Time since last request: 0.000109 seconds.
  path: Assets/Tilemap/platformerPack_industrial_tilesheet_52.asset
  artifactKey: Guid(c3b778e5d491c8642bb2592052cfd439) Importer(815301076,1909f56bfc062723c751e8b465ee728b)
Start importing Assets/Tilemap/platformerPack_industrial_tilesheet_52.asset using Guid(c3b778e5d491c8642bb2592052cfd439) Importer(815301076,1909f56bfc062723c751e8b465ee728b)  -> (artifact id: 'de6577a0267ed91d571113ccf816e3da') in 0.006849 seconds 
  Import took 0.009284 seconds .

========================================================================
Received Import Request.
  Time since last request: 0.000130 seconds.
  path: Assets/Tilemap/platformerPack_industrial_tilesheet_55.asset
  artifactKey: Guid(273919d97f6099542bd0b6c71f5c7a20) Importer(815301076,1909f56bfc062723c751e8b465ee728b)
Start importing Assets/Tilemap/platformerPack_industrial_tilesheet_55.asset using Guid(273919d97f6099542bd0b6c71f5c7a20) Importer(815301076,1909f56bfc062723c751e8b465ee728b)  -> (artifact id: '1938965c961dfae2dab35880d1ca79f8') in 0.006555 seconds 
  Import took 0.009083 seconds .

========================================================================
Received Import Request.
  Time since last request: 0.000119 seconds.
  path: Assets/Tilemap/platformerPack_industrial_tilesheet_84.asset
  artifactKey: Guid(ed2c844618274744889ce15007d36903) Importer(815301076,1909f56bfc062723c751e8b465ee728b)
Start importing Assets/Tilemap/platformerPack_industrial_tilesheet_84.asset using Guid(ed2c844618274744889ce15007d36903) Importer(815301076,1909f56bfc062723c751e8b465ee728b)  -> (artifact id: 'd747d2067fc17c5f43501ab92d2c15b6') in 0.006449 seconds 
  Import took 0.008901 seconds .

========================================================================
Received Import Request.
  Time since last request: 0.000109 seconds.
  path: Assets/Tilemap/platformerPack_industrial_tilesheet_67.asset
  artifactKey: Guid(5cabfdb00558ee54b9f9538e0126721c) Importer(815301076,1909f56bfc062723c751e8b465ee728b)
Start importing Assets/Tilemap/platformerPack_industrial_tilesheet_67.asset using Guid(5cabfdb00558ee54b9f9538e0126721c) Importer(815301076,1909f56bfc062723c751e8b465ee728b)  -> (artifact id: '6c97ba8e0412811085f05435157a53e9') in 0.006539 seconds 
  Import took 0.009006 seconds .

========================================================================
Received Import Request.
  Time since last request: 0.000115 seconds.
  path: Assets/Tilemap/platformerPack_industrial_tilesheet_94.asset
  artifactKey: Guid(8099143c077c23448a6e41fc164b0ec7) Importer(815301076,1909f56bfc062723c751e8b465ee728b)
Start importing Assets/Tilemap/platformerPack_industrial_tilesheet_94.asset using Guid(8099143c077c23448a6e41fc164b0ec7) Importer(815301076,1909f56bfc062723c751e8b465ee728b)  -> (artifact id: '287546eb94092c0939f6466df8042ff6') in 0.006642 seconds 
  Import took 0.009142 seconds .

========================================================================
Received Import Request.
  Time since last request: 0.000108 seconds.
  path: Assets/Tilemap/platformerPack_industrial_tilesheet_91.asset
  artifactKey: Guid(d322f4b9de734ba4ea2845bb1b5ed258) Importer(815301076,1909f56bfc062723c751e8b465ee728b)
Start importing Assets/Tilemap/platformerPack_industrial_tilesheet_91.asset using Guid(d322f4b9de734ba4ea2845bb1b5ed258) Importer(815301076,1909f56bfc062723c751e8b465ee728b)  -> (artifact id: '434c3f186cd6610cc253e2deae0d261c') in 0.007183 seconds 
  Import took 0.009706 seconds .

========================================================================
Received Import Request.
  Time since last request: 0.000131 seconds.
  path: Assets/Tilemap/platformerPack_industrial_tilesheet_102.asset
  artifactKey: Guid(0b1bfb20a5dd8e946908466187146068) Importer(815301076,1909f56bfc062723c751e8b465ee728b)
Start importing Assets/Tilemap/platformerPack_industrial_tilesheet_102.asset using Guid(0b1bfb20a5dd8e946908466187146068) Importer(815301076,1909f56bfc062723c751e8b465ee728b)  -> (artifact id: 'e765c274dff186f355f003baf0e90a70') in 0.006441 seconds 
  Import took 0.009253 seconds .

========================================================================
Received Import Request.
  Time since last request: 0.000146 seconds.
  path: Assets/Tilemap/platformerPack_industrial_tilesheet_109.asset
  artifactKey: Guid(ca0d84349aa57744c8378393897d1f0c) Importer(815301076,1909f56bfc062723c751e8b465ee728b)
Start importing Assets/Tilemap/platformerPack_industrial_tilesheet_109.asset using Guid(ca0d84349aa57744c8378393897d1f0c) Importer(815301076,1909f56bfc062723c751e8b465ee728b)  -> (artifact id: '886970263604ec59355922dba23df1de') in 0.006832 seconds 
  Import took 0.009548 seconds .

========================================================================
Received Import Request.
  Time since last request: 0.000111 seconds.
  path: Assets/Tilemap/platformerPack_industrial_tilesheet_110.asset
  artifactKey: Guid(a0a7aa6b74aec40429598a3e545c0fc1) Importer(815301076,1909f56bfc062723c751e8b465ee728b)
Start importing Assets/Tilemap/platformerPack_industrial_tilesheet_110.asset using Guid(a0a7aa6b74aec40429598a3e545c0fc1) Importer(815301076,1909f56bfc062723c751e8b465ee728b)  -> (artifact id: 'd3627c2a603984672bb625f1a5b3413f') in 0.006429 seconds 
  Import took 0.008951 seconds .

========================================================================
Received Import Request.
  Time since last request: 0.000098 seconds.
  path: Assets/Tilemap/platformerPack_industrial_tilesheet_41.asset
  artifactKey: Guid(c35517d481fd82c4b93d49fd5735cbb3) Importer(815301076,1909f56bfc062723c751e8b465ee728b)
Start importing Assets/Tilemap/platformerPack_industrial_tilesheet_41.asset using Guid(c35517d481fd82c4b93d49fd5735cbb3) Importer(815301076,1909f56bfc062723c751e8b465ee728b)  -> (artifact id: '4e55dec11d66b0bdb99896aeb47c1ce2') in 0.008126 seconds 
  Import took 0.010684 seconds .

========================================================================
Received Import Request.
  Time since last request: 0.000110 seconds.
  path: Assets/Tilemap/platformerPack_industrial_tilesheet_85.asset
  artifactKey: Guid(1d21dc4284e5d2f47ae4eb710b8cd5fe) Importer(815301076,1909f56bfc062723c751e8b465ee728b)
Start importing Assets/Tilemap/platformerPack_industrial_tilesheet_85.asset using Guid(1d21dc4284e5d2f47ae4eb710b8cd5fe) Importer(815301076,1909f56bfc062723c751e8b465ee728b)  -> (artifact id: '347111eaf8707ccb43fae8fde79b4230') in 0.006715 seconds 
  Import took 0.009242 seconds .

========================================================================
Received Import Request.
  Time since last request: 0.000140 seconds.
  path: Assets/Tilemap/platformerPack_industrial_tilesheet_63.asset
  artifactKey: Guid(caf63377a77a6e449900ff133fc94d45) Importer(815301076,1909f56bfc062723c751e8b465ee728b)
Start importing Assets/Tilemap/platformerPack_industrial_tilesheet_63.asset using Guid(caf63377a77a6e449900ff133fc94d45) Importer(815301076,1909f56bfc062723c751e8b465ee728b)  -> (artifact id: '7364ca45c447850ecc4d2903e416ba95') in 0.006713 seconds 
  Import took 0.009390 seconds .

========================================================================
Received Import Request.
  Time since last request: 0.000102 seconds.
  path: Assets/Tilemap/platformerPack_industrial_tilesheet_71.asset
  artifactKey: Guid(fb65e1722791c544f8444ca190339008) Importer(815301076,1909f56bfc062723c751e8b465ee728b)
Start importing Assets/Tilemap/platformerPack_industrial_tilesheet_71.asset using Guid(fb65e1722791c544f8444ca190339008) Importer(815301076,1909f56bfc062723c751e8b465ee728b)  -> (artifact id: 'b0efcc0c3e6b3afb60ef3ed16aedd580') in 0.006561 seconds 
  Import took 0.009080 seconds .

========================================================================
Received Import Request.
  Time since last request: 0.000129 seconds.
  path: Assets/Tilemap/platformerPack_industrial_tilesheet_70.asset
  artifactKey: Guid(ba6ace4ea1f9b784ea53b9448307de96) Importer(815301076,1909f56bfc062723c751e8b465ee728b)
Start importing Assets/Tilemap/platformerPack_industrial_tilesheet_70.asset using Guid(ba6ace4ea1f9b784ea53b9448307de96) Importer(815301076,1909f56bfc062723c751e8b465ee728b)  -> (artifact id: 'e80d544190707ee2bf66427af9af7a8f') in 0.006504 seconds 
  Import took 0.009076 seconds .

========================================================================
Received Import Request.
  Time since last request: 0.000102 seconds.
  path: Assets/Tilemap/platformerPack_industrial_tilesheet_89.asset
  artifactKey: Guid(423248b7377de0b41adb51bafbfe73dd) Importer(815301076,1909f56bfc062723c751e8b465ee728b)
Start importing Assets/Tilemap/platformerPack_industrial_tilesheet_89.asset using Guid(423248b7377de0b41adb51bafbfe73dd) Importer(815301076,1909f56bfc062723c751e8b465ee728b)  -> (artifact id: '4e875792a1579039d16b55a60f4e103e') in 0.006446 seconds 
  Import took 0.009098 seconds .

========================================================================
Received Import Request.
  Time since last request: 0.000114 seconds.
  path: Assets/Tilemap/platformerPack_industrial_tilesheet_68.asset
  artifactKey: Guid(4df4c439c8276164ebb4c6df2a528121) Importer(815301076,1909f56bfc062723c751e8b465ee728b)
Start importing Assets/Tilemap/platformerPack_industrial_tilesheet_68.asset using Guid(4df4c439c8276164ebb4c6df2a528121) Importer(815301076,1909f56bfc062723c751e8b465ee728b)  -> (artifact id: '83f702a25d0a4b75cfa34629da6df119') in 0.006801 seconds 
  Import took 0.009320 seconds .

========================================================================
Received Import Request.
  Time since last request: 0.000106 seconds.
  path: Assets/Tilemap/platformerPack_industrial_tilesheet_82.asset
  artifactKey: Guid(29eaa60ae845bdc44af77f05ddc81f3c) Importer(815301076,1909f56bfc062723c751e8b465ee728b)
Start importing Assets/Tilemap/platformerPack_industrial_tilesheet_82.asset using Guid(29eaa60ae845bdc44af77f05ddc81f3c) Importer(815301076,1909f56bfc062723c751e8b465ee728b)  -> (artifact id: '62fbf3406e7d191972aa23cf3e5ceb12') in 0.006495 seconds 
  Import took 0.008923 seconds .

========================================================================
Received Import Request.
  Time since last request: 0.000121 seconds.
  path: Assets/Tilemap/platformerPack_industrial_tilesheet_99.asset
  artifactKey: Guid(2c6a6812965e943429b781c65ddde3e8) Importer(815301076,1909f56bfc062723c751e8b465ee728b)
Start importing Assets/Tilemap/platformerPack_industrial_tilesheet_99.asset using Guid(2c6a6812965e943429b781c65ddde3e8) Importer(815301076,1909f56bfc062723c751e8b465ee728b)  -> (artifact id: 'ed980c1b51266232fdbd3fc3805f71bd') in 0.006809 seconds 
  Import took 0.009484 seconds .

========================================================================
Received Import Request.
  Time since last request: 0.000121 seconds.
  path: Assets/Tilemap/platformerPack_industrial_tilesheet_54.asset
  artifactKey: Guid(a6f0da57ae217f64797959cf8bdd184e) Importer(815301076,1909f56bfc062723c751e8b465ee728b)
Start importing Assets/Tilemap/platformerPack_industrial_tilesheet_54.asset using Guid(a6f0da57ae217f64797959cf8bdd184e) Importer(815301076,1909f56bfc062723c751e8b465ee728b)  -> (artifact id: '71eaa62cea31f9d12f0b9421214100f7') in 0.006436 seconds 
  Import took 0.009008 seconds .

========================================================================
Received Import Request.
  Time since last request: 0.000107 seconds.
  path: Assets/Tilemap/platformerPack_industrial_tilesheet_86.asset
  artifactKey: Guid(ab0ec03d9d017654fbdfeb4e1410d42e) Importer(815301076,1909f56bfc062723c751e8b465ee728b)
Start importing Assets/Tilemap/platformerPack_industrial_tilesheet_86.asset using Guid(ab0ec03d9d017654fbdfeb4e1410d42e) Importer(815301076,1909f56bfc062723c751e8b465ee728b)  -> (artifact id: '44deecb7becc609418ed93adb16c409d') in 0.006577 seconds 
  Import took 0.009056 seconds .

========================================================================
Received Import Request.
  Time since last request: 0.000119 seconds.
  path: Assets/Tilemap/platformerPack_industrial_tilesheet_106.asset
  artifactKey: Guid(ef04e6f3f770fec4c9d1aef57d42bd77) Importer(815301076,1909f56bfc062723c751e8b465ee728b)
Start importing Assets/Tilemap/platformerPack_industrial_tilesheet_106.asset using Guid(ef04e6f3f770fec4c9d1aef57d42bd77) Importer(815301076,1909f56bfc062723c751e8b465ee728b)  -> (artifact id: '651a2bd3f34f2e833b3a3750003dabf0') in 0.006505 seconds 
  Import took 0.009060 seconds .

========================================================================
Received Import Request.
  Time since last request: 0.000142 seconds.
  path: Assets/Tilemap/platformerPack_industrial_tilesheet_45.asset
  artifactKey: Guid(f94d538962031294cb0c250c301dd0c0) Importer(815301076,1909f56bfc062723c751e8b465ee728b)
Start importing Assets/Tilemap/platformerPack_industrial_tilesheet_45.asset using Guid(f94d538962031294cb0c250c301dd0c0) Importer(815301076,1909f56bfc062723c751e8b465ee728b)  -> (artifact id: 'cb6f20ea62cf16fa1cac2205ad4457a1') in 0.007257 seconds 
  Import took 0.010417 seconds .

========================================================================
Received Import Request.
  Time since last request: 0.000148 seconds.
  path: Assets/Tilemap/platformerPack_industrial_tilesheet_72.asset
  artifactKey: Guid(9150232ff5a6cad469bc90f505736b08) Importer(815301076,1909f56bfc062723c751e8b465ee728b)
Start importing Assets/Tilemap/platformerPack_industrial_tilesheet_72.asset using Guid(9150232ff5a6cad469bc90f505736b08) Importer(815301076,1909f56bfc062723c751e8b465ee728b)  -> (artifact id: 'df92bf58ce115dbc372bb8b77c23897f') in 0.006961 seconds 
  Import took 0.009666 seconds .

========================================================================
Received Import Request.
  Time since last request: 0.000122 seconds.
  path: Assets/Tilemap/platformerPack_industrial_tilesheet_39.asset
  artifactKey: Guid(1d3d3d60658455c469ebad58e6f3f8d1) Importer(815301076,1909f56bfc062723c751e8b465ee728b)
Start importing Assets/Tilemap/platformerPack_industrial_tilesheet_39.asset using Guid(1d3d3d60658455c469ebad58e6f3f8d1) Importer(815301076,1909f56bfc062723c751e8b465ee728b)  -> (artifact id: 'c39314ec6616b7337aa6e84adff02ff5') in 0.006683 seconds 
  Import took 0.009225 seconds .

========================================================================
Received Import Request.
  Time since last request: 0.000099 seconds.
  path: Assets/Tilemap/platformerPack_industrial_tilesheet_92.asset
  artifactKey: Guid(8ddfd8c44f326094da22cee820daf8e0) Importer(815301076,1909f56bfc062723c751e8b465ee728b)
Start importing Assets/Tilemap/platformerPack_industrial_tilesheet_92.asset using Guid(8ddfd8c44f326094da22cee820daf8e0) Importer(815301076,1909f56bfc062723c751e8b465ee728b)  -> (artifact id: 'e18b7ed4bf71f9623d94ca0e402d0029') in 0.006773 seconds 
  Import took 0.009272 seconds .

========================================================================
Received Import Request.
  Time since last request: 0.000126 seconds.
  path: Assets/Tilemap/platformerPack_industrial_tilesheet_79.asset
  artifactKey: Guid(1a7051ff16e032e4da07c6a78cef0580) Importer(815301076,1909f56bfc062723c751e8b465ee728b)
Start importing Assets/Tilemap/platformerPack_industrial_tilesheet_79.asset using Guid(1a7051ff16e032e4da07c6a78cef0580) Importer(815301076,1909f56bfc062723c751e8b465ee728b)  -> (artifact id: 'c848dc450a2f48d692244705579cbe21') in 0.006652 seconds 
  Import took 0.009194 seconds .

========================================================================
Received Import Request.
  Time since last request: 0.000107 seconds.
  path: Assets/Tilemap/platformerPack_industrial_tilesheet_61.asset
  artifactKey: Guid(7c90c6d173ed629448a0671af2422fe0) Importer(815301076,1909f56bfc062723c751e8b465ee728b)
Start importing Assets/Tilemap/platformerPack_industrial_tilesheet_61.asset using Guid(7c90c6d173ed629448a0671af2422fe0) Importer(815301076,1909f56bfc062723c751e8b465ee728b)  -> (artifact id: 'f040bf4bd865900ddef6097f068a5125') in 0.007517 seconds 
  Import took 0.010307 seconds .

========================================================================
Received Import Request.
  Time since last request: 0.000109 seconds.
  path: Assets/Tilemap/platformerPack_industrial_tilesheet_22.asset
  artifactKey: Guid(b4223a5639cd1b14aa805e887f18b0e7) Importer(815301076,1909f56bfc062723c751e8b465ee728b)
Start importing Assets/Tilemap/platformerPack_industrial_tilesheet_22.asset using Guid(b4223a5639cd1b14aa805e887f18b0e7) Importer(815301076,1909f56bfc062723c751e8b465ee728b)  -> (artifact id: '89ab16cc1904d55202445c89b291a745') in 0.006558 seconds 
  Import took 0.009192 seconds .

========================================================================
Received Import Request.
  Time since last request: 0.000124 seconds.
  path: Assets/Tilemap/platformerPack_industrial_tilesheet_44.asset
  artifactKey: Guid(647eb80d11f03ac4591cde570806dc57) Importer(815301076,1909f56bfc062723c751e8b465ee728b)
Start importing Assets/Tilemap/platformerPack_industrial_tilesheet_44.asset using Guid(647eb80d11f03ac4591cde570806dc57) Importer(815301076,1909f56bfc062723c751e8b465ee728b)  -> (artifact id: '3e1931489761e2ed6633c62c5d3b6cf2') in 0.006528 seconds 
  Import took 0.009049 seconds .

========================================================================
Received Import Request.
  Time since last request: 0.000108 seconds.
  path: Assets/Tilemap/platformerPack_industrial_tilesheet_90.asset
  artifactKey: Guid(1aef4a1b3077caf4f9c09ced46568afb) Importer(815301076,1909f56bfc062723c751e8b465ee728b)
Start importing Assets/Tilemap/platformerPack_industrial_tilesheet_90.asset using Guid(1aef4a1b3077caf4f9c09ced46568afb) Importer(815301076,1909f56bfc062723c751e8b465ee728b)  -> (artifact id: 'e6a59ee3ea49fbe5a036e12b6ba765d8') in 0.006639 seconds 
  Import took 0.009098 seconds .

========================================================================
Received Import Request.
  Time since last request: 0.000117 seconds.
  path: Assets/Tilemap/platformerPack_industrial_tilesheet_105.asset
  artifactKey: Guid(dfc8ce6b03af62e44be633a57f46764a) Importer(815301076,1909f56bfc062723c751e8b465ee728b)
Start importing Assets/Tilemap/platformerPack_industrial_tilesheet_105.asset using Guid(dfc8ce6b03af62e44be633a57f46764a) Importer(815301076,1909f56bfc062723c751e8b465ee728b)  -> (artifact id: '22881ce9c605f8ea1179ef49371f73fa') in 0.006871 seconds 
  Import took 0.009542 seconds .

========================================================================
Received Import Request.
  Time since last request: 0.000112 seconds.
  path: Assets/Tilemap/platformerPack_industrial_tilesheet_43.asset
  artifactKey: Guid(85db2ec69bc47f7429fd72ec3f85f1e0) Importer(815301076,1909f56bfc062723c751e8b465ee728b)
Start importing Assets/Tilemap/platformerPack_industrial_tilesheet_43.asset using Guid(85db2ec69bc47f7429fd72ec3f85f1e0) Importer(815301076,1909f56bfc062723c751e8b465ee728b)  -> (artifact id: '3c3e272344bf035a4db8c1ae497e880b') in 0.006798 seconds 
  Import took 0.009365 seconds .

========================================================================
Received Import Request.
  Time since last request: 0.000104 seconds.
  path: Assets/Tilemap/platformerPack_industrial_tilesheet_33.asset
  artifactKey: Guid(458d5615595a1e742ae317665a07a777) Importer(815301076,1909f56bfc062723c751e8b465ee728b)
Start importing Assets/Tilemap/platformerPack_industrial_tilesheet_33.asset using Guid(458d5615595a1e742ae317665a07a777) Importer(815301076,1909f56bfc062723c751e8b465ee728b)  -> (artifact id: 'cd4edc669ea2ded438241dd8640dc39e') in 0.007210 seconds 
  Import took 0.009680 seconds .

========================================================================
Received Import Request.
  Time since last request: 0.000130 seconds.
  path: Assets/Tilemap/platformerPack_industrial_tilesheet_51.asset
  artifactKey: Guid(4bde2a5ed820dc942a056af17142839e) Importer(815301076,1909f56bfc062723c751e8b465ee728b)
Start importing Assets/Tilemap/platformerPack_industrial_tilesheet_51.asset using Guid(4bde2a5ed820dc942a056af17142839e) Importer(815301076,1909f56bfc062723c751e8b465ee728b)  -> (artifact id: '27a316abd8f4cb0250976091e4c10d38') in 0.007817 seconds 
  Import took 0.010457 seconds .

========================================================================
Received Import Request.
  Time since last request: 0.000111 seconds.
  path: Assets/Tilemap/platformerPack_industrial_tilesheet_88.asset
  artifactKey: Guid(de66f204b32be5446b569190be2973bf) Importer(815301076,1909f56bfc062723c751e8b465ee728b)
Start importing Assets/Tilemap/platformerPack_industrial_tilesheet_88.asset using Guid(de66f204b32be5446b569190be2973bf) Importer(815301076,1909f56bfc062723c751e8b465ee728b)  -> (artifact id: '0d7d70b7fd4e0110e52b35be47adb765') in 0.006751 seconds 
  Import took 0.009513 seconds .

========================================================================
Received Import Request.
  Time since last request: 0.000116 seconds.
  path: Assets/Tilemap/platformerPack_industrial_tilesheet_97.asset
  artifactKey: Guid(3e7196dbc856d7e4e910767cebc39454) Importer(815301076,1909f56bfc062723c751e8b465ee728b)
Start importing Assets/Tilemap/platformerPack_industrial_tilesheet_97.asset using Guid(3e7196dbc856d7e4e910767cebc39454) Importer(815301076,1909f56bfc062723c751e8b465ee728b)  -> (artifact id: '9c09985b0611e4402ce420a2d854a644') in 0.006694 seconds 
  Import took 0.009482 seconds .

========================================================================
Received Import Request.
  Time since last request: 0.000119 seconds.
  path: Assets/Tilemap/platformerPack_industrial_tilesheet_98.asset
  artifactKey: Guid(bee416f876ebdbb4c87856b580978d22) Importer(815301076,1909f56bfc062723c751e8b465ee728b)
Start importing Assets/Tilemap/platformerPack_industrial_tilesheet_98.asset using Guid(bee416f876ebdbb4c87856b580978d22) Importer(815301076,1909f56bfc062723c751e8b465ee728b)  -> (artifact id: 'cf16fb01bcd9bd9aa9def1922d209580') in 0.007041 seconds 
  Import took 0.009662 seconds .

========================================================================
Received Import Request.
  Time since last request: 0.000112 seconds.
  path: Assets/Tilemap/platformerPack_industrial_tilesheet_64.asset
  artifactKey: Guid(71bf217423927f847ab02ab9ec300f5b) Importer(815301076,1909f56bfc062723c751e8b465ee728b)
Start importing Assets/Tilemap/platformerPack_industrial_tilesheet_64.asset using Guid(71bf217423927f847ab02ab9ec300f5b) Importer(815301076,1909f56bfc062723c751e8b465ee728b)  -> (artifact id: '8e38db8b8bd9a29c11307b53fab81783') in 0.006760 seconds 
  Import took 0.009394 seconds .

========================================================================
Received Import Request.
  Time since last request: 0.000115 seconds.
  path: Assets/Tilemap/platformerPack_industrial_tilesheet_56.asset
  artifactKey: Guid(368e25dc48cccfc4b800715c39837707) Importer(815301076,1909f56bfc062723c751e8b465ee728b)
Start importing Assets/Tilemap/platformerPack_industrial_tilesheet_56.asset using Guid(368e25dc48cccfc4b800715c39837707) Importer(815301076,1909f56bfc062723c751e8b465ee728b)  -> (artifact id: 'd06c641974a37de172d153253c94e01c') in 0.006810 seconds 
  Import took 0.009519 seconds .

========================================================================
Received Import Request.
  Time since last request: 0.000120 seconds.
  path: Assets/Tilemap/platformerPack_industrial_tilesheet_81.asset
  artifactKey: Guid(c0de9f78e0a18a74ba29cc457faa4060) Importer(815301076,1909f56bfc062723c751e8b465ee728b)
Start importing Assets/Tilemap/platformerPack_industrial_tilesheet_81.asset using Guid(c0de9f78e0a18a74ba29cc457faa4060) Importer(815301076,1909f56bfc062723c751e8b465ee728b)  -> (artifact id: '1232ac7625b608b183dd503ff929aa41') in 0.006800 seconds 
  Import took 0.009420 seconds .

========================================================================
Received Import Request.
  Time since last request: 0.000119 seconds.
  path: Assets/Tilemap/platformerPack_industrial_tilesheet_73.asset
  artifactKey: Guid(26b6838770d6c13488b4b4b9c7d5eab7) Importer(815301076,1909f56bfc062723c751e8b465ee728b)
Start importing Assets/Tilemap/platformerPack_industrial_tilesheet_73.asset using Guid(26b6838770d6c13488b4b4b9c7d5eab7) Importer(815301076,1909f56bfc062723c751e8b465ee728b)  -> (artifact id: '1dc2e2bda65fbf7a324301d1627c986a') in 0.006577 seconds 
  Import took 0.009182 seconds .

========================================================================
Received Import Request.
  Time since last request: 0.000119 seconds.
  path: Assets/Tilemap/platformerPack_industrial_tilesheet_80.asset
  artifactKey: Guid(520ea1baa4110d2418413721f8ee4597) Importer(815301076,1909f56bfc062723c751e8b465ee728b)
Start importing Assets/Tilemap/platformerPack_industrial_tilesheet_80.asset using Guid(520ea1baa4110d2418413721f8ee4597) Importer(815301076,1909f56bfc062723c751e8b465ee728b)  -> (artifact id: 'cff1be42204c0b8f9d4d28f85f0eb147') in 0.006561 seconds 
  Import took 0.009077 seconds .

========================================================================
Received Import Request.
  Time since last request: 0.000123 seconds.
  path: Assets/Tilemap/platformerPack_industrial_tilesheet_111.asset
  artifactKey: Guid(d2f030ec239479c4382504fe626a5cef) Importer(815301076,1909f56bfc062723c751e8b465ee728b)
Start importing Assets/Tilemap/platformerPack_industrial_tilesheet_111.asset using Guid(d2f030ec239479c4382504fe626a5cef) Importer(815301076,1909f56bfc062723c751e8b465ee728b)  -> (artifact id: '6a4b20e465c73250b237e6214cd46af3') in 0.006508 seconds 
  Import took 0.009125 seconds .

========================================================================
Received Import Request.
  Time since last request: 0.000127 seconds.
  path: Assets/Tilemap/platformerPack_industrial_tilesheet_101.asset
  artifactKey: Guid(3a66c1bf7194b3b47a386c168c5a735d) Importer(815301076,1909f56bfc062723c751e8b465ee728b)
Start importing Assets/Tilemap/platformerPack_industrial_tilesheet_101.asset using Guid(3a66c1bf7194b3b47a386c168c5a735d) Importer(815301076,1909f56bfc062723c751e8b465ee728b)  -> (artifact id: '4370324742fd0219b8f35d69e916af2a') in 0.006581 seconds 
  Import took 0.009212 seconds .

========================================================================
Received Import Request.
  Time since last request: 0.000118 seconds.
  path: Assets/Tilemap/platformerPack_industrial_tilesheet_58.asset
  artifactKey: Guid(476c5db0058ae414cb185cd95f2fea67) Importer(815301076,1909f56bfc062723c751e8b465ee728b)
Start importing Assets/Tilemap/platformerPack_industrial_tilesheet_58.asset using Guid(476c5db0058ae414cb185cd95f2fea67) Importer(815301076,1909f56bfc062723c751e8b465ee728b)  -> (artifact id: 'bc6c79b233b09e1429c9c2603bac79b7') in 0.006678 seconds 
  Import took 0.009202 seconds .

========================================================================
Received Import Request.
  Time since last request: 0.000120 seconds.
  path: Assets/Tilemap/platformerPack_industrial_tilesheet_53.asset
  artifactKey: Guid(f5c31d25c110ad244b85d3bc35ade491) Importer(815301076,1909f56bfc062723c751e8b465ee728b)
Start importing Assets/Tilemap/platformerPack_industrial_tilesheet_53.asset using Guid(f5c31d25c110ad244b85d3bc35ade491) Importer(815301076,1909f56bfc062723c751e8b465ee728b)  -> (artifact id: '9723fbb42875067fee87877d80c66f01') in 0.007226 seconds 
  Import took 0.009932 seconds .

========================================================================
Received Import Request.
  Time since last request: 0.000107 seconds.
  path: Assets/Tilemap/platformerPack_industrial_tilesheet_40.asset
  artifactKey: Guid(2ad07d0b286d6624c855c8be60f6f143) Importer(815301076,1909f56bfc062723c751e8b465ee728b)
Start importing Assets/Tilemap/platformerPack_industrial_tilesheet_40.asset using Guid(2ad07d0b286d6624c855c8be60f6f143) Importer(815301076,1909f56bfc062723c751e8b465ee728b)  -> (artifact id: 'fc42941d13d09d69d47d39b23b726e86') in 0.007025 seconds 
  Import took 0.009682 seconds .

========================================================================
Received Import Request.
  Time since last request: 0.000136 seconds.
  path: Assets/Tilemap/platformerPack_industrial_tilesheet_57.asset
  artifactKey: Guid(c080f56f508297a498eccc36266cb346) Importer(815301076,1909f56bfc062723c751e8b465ee728b)
Start importing Assets/Tilemap/platformerPack_industrial_tilesheet_57.asset using Guid(c080f56f508297a498eccc36266cb346) Importer(815301076,1909f56bfc062723c751e8b465ee728b)  -> (artifact id: '278bee1a483ccbc2041c6ebc8c83e9fd') in 0.006836 seconds 
  Import took 0.009500 seconds .

========================================================================
Received Import Request.
  Time since last request: 0.000116 seconds.
  path: Assets/Tilemap/platformerPack_industrial_tilesheet_83.asset
  artifactKey: Guid(d9917135820d83945bb9a5728aa1adf5) Importer(815301076,1909f56bfc062723c751e8b465ee728b)
Start importing Assets/Tilemap/platformerPack_industrial_tilesheet_83.asset using Guid(d9917135820d83945bb9a5728aa1adf5) Importer(815301076,1909f56bfc062723c751e8b465ee728b)  -> (artifact id: '652c3ba948d1a69798376610514760df') in 0.007121 seconds 
  Import took 0.009765 seconds .

========================================================================
Received Import Request.
  Time since last request: 0.000119 seconds.
  path: Assets/Tilemap/platformerPack_industrial_tilesheet_103.asset
  artifactKey: Guid(45f25bd98689f0d4196058d498caa959) Importer(815301076,1909f56bfc062723c751e8b465ee728b)
Start importing Assets/Tilemap/platformerPack_industrial_tilesheet_103.asset using Guid(45f25bd98689f0d4196058d498caa959) Importer(815301076,1909f56bfc062723c751e8b465ee728b)  -> (artifact id: '66a046f41d7601a8055bdfc8bf9a1d1a') in 0.007696 seconds 
  Import took 0.010243 seconds .

========================================================================
Received Import Request.
  Time since last request: 0.000128 seconds.
  path: Assets/Tilemap/platformerPack_industrial_tilesheet_38.asset
  artifactKey: Guid(a3f96457023c99544815396b69aa9822) Importer(815301076,1909f56bfc062723c751e8b465ee728b)
Start importing Assets/Tilemap/platformerPack_industrial_tilesheet_38.asset using Guid(a3f96457023c99544815396b69aa9822) Importer(815301076,1909f56bfc062723c751e8b465ee728b)  -> (artifact id: 'e906cd8bee73f4d2a589cbdcfdf0fbcc') in 0.007338 seconds 
  Import took 0.010141 seconds .

========================================================================
Received Import Request.
  Time since last request: 0.000122 seconds.
  path: Assets/Tilemap/platformerPack_industrial_tilesheet_75.asset
  artifactKey: Guid(1cb24660cc17c0a46b38aac76341ec04) Importer(815301076,1909f56bfc062723c751e8b465ee728b)
Start importing Assets/Tilemap/platformerPack_industrial_tilesheet_75.asset using Guid(1cb24660cc17c0a46b38aac76341ec04) Importer(815301076,1909f56bfc062723c751e8b465ee728b)  -> (artifact id: 'c9c0485bc5efb9832aca2d942937ccc5') in 0.007109 seconds 
  Import took 0.009766 seconds .

========================================================================
Received Import Request.
  Time since last request: 0.000111 seconds.
  path: Assets/Tilemap/platformerPack_industrial_tilesheet_30.asset
  artifactKey: Guid(6fa34c3e9ae143647bd6682b0804da3d) Importer(815301076,1909f56bfc062723c751e8b465ee728b)
Start importing Assets/Tilemap/platformerPack_industrial_tilesheet_30.asset using Guid(6fa34c3e9ae143647bd6682b0804da3d) Importer(815301076,1909f56bfc062723c751e8b465ee728b)  -> (artifact id: '9c6e9c43a216a754b5dc79bdc6f29724') in 0.007018 seconds 
  Import took 0.009598 seconds .

========================================================================
Received Import Request.
  Time since last request: 0.000127 seconds.
  path: Assets/Tilemap/platformerPack_industrial_tilesheet_42.asset
  artifactKey: Guid(2bf6c2fa2633673419cf2512c1be1e52) Importer(815301076,1909f56bfc062723c751e8b465ee728b)
Start importing Assets/Tilemap/platformerPack_industrial_tilesheet_42.asset using Guid(2bf6c2fa2633673419cf2512c1be1e52) Importer(815301076,1909f56bfc062723c751e8b465ee728b)  -> (artifact id: 'd80b2d66da36c149cd6b65b86b788995') in 0.006859 seconds 
  Import took 0.009397 seconds .

========================================================================
Received Import Request.
  Time since last request: 0.000127 seconds.
  path: Assets/Tilemap/platformerPack_industrial_tilesheet_95.asset
  artifactKey: Guid(9535e4d7fae5ee04384e8abe8e394d29) Importer(815301076,1909f56bfc062723c751e8b465ee728b)
Start importing Assets/Tilemap/platformerPack_industrial_tilesheet_95.asset using Guid(9535e4d7fae5ee04384e8abe8e394d29) Importer(815301076,1909f56bfc062723c751e8b465ee728b)  -> (artifact id: '9aecce7661f72224e32cce89357ae670') in 0.007040 seconds 
  Import took 0.009673 seconds .

========================================================================
Received Import Request.
  Time since last request: 0.000113 seconds.
  path: Assets/Tilemap/platformerPack_industrial_tilesheet_32.asset
  artifactKey: Guid(0f4b4cc89217c974b9d1bf603bfa2730) Importer(815301076,1909f56bfc062723c751e8b465ee728b)
Start importing Assets/Tilemap/platformerPack_industrial_tilesheet_32.asset using Guid(0f4b4cc89217c974b9d1bf603bfa2730) Importer(815301076,1909f56bfc062723c751e8b465ee728b)  -> (artifact id: 'bc3154d83ae67210fe1c699eb242bec3') in 0.007781 seconds 
  Import took 0.010266 seconds .

========================================================================
Received Import Request.
  Time since last request: 0.000118 seconds.
  path: Assets/Tilemap/platformerPack_industrial_tilesheet_96.asset
  artifactKey: Guid(c73a9d776039abc459315bd8fedeebc2) Importer(815301076,1909f56bfc062723c751e8b465ee728b)
Start importing Assets/Tilemap/platformerPack_industrial_tilesheet_96.asset using Guid(c73a9d776039abc459315bd8fedeebc2) Importer(815301076,1909f56bfc062723c751e8b465ee728b)  -> (artifact id: '09c11c12fd4bcdba4000084341bf7e01') in 0.006705 seconds 
  Import took 0.009296 seconds .

========================================================================
Received Import Request.
  Time since last request: 0.000173 seconds.
  path: Assets/Tilemap/platformerPack_industrial_tilesheet_28.asset
  artifactKey: Guid(fcb1b1b2eeef048469fdbbd6acf7b83e) Importer(815301076,1909f56bfc062723c751e8b465ee728b)
Start importing Assets/Tilemap/platformerPack_industrial_tilesheet_28.asset using Guid(fcb1b1b2eeef048469fdbbd6acf7b83e) Importer(815301076,1909f56bfc062723c751e8b465ee728b)  -> (artifact id: 'e5b2adc23ba84302e9d86d718f38ea7a') in 0.007750 seconds 
  Import took 0.010428 seconds .

========================================================================
Received Import Request.
  Time since last request: 0.000122 seconds.
  path: Assets/Tilemap/platformerPack_industrial_tilesheet_87.asset
  artifactKey: Guid(7a561ce0ed7bb64448aef4d4f9075bc4) Importer(815301076,1909f56bfc062723c751e8b465ee728b)
Start importing Assets/Tilemap/platformerPack_industrial_tilesheet_87.asset using Guid(7a561ce0ed7bb64448aef4d4f9075bc4) Importer(815301076,1909f56bfc062723c751e8b465ee728b)  -> (artifact id: '5a315569a9b962e6d1301349e5db8819') in 0.007356 seconds 
  Import took 0.010115 seconds .

========================================================================
Received Import Request.
  Time since last request: 0.000115 seconds.
  path: Assets/Tilemap/platformerPack_industrial_tilesheet_78.asset
  artifactKey: Guid(6186ebf0f25becf418e9a94458e2831c) Importer(815301076,1909f56bfc062723c751e8b465ee728b)
Start importing Assets/Tilemap/platformerPack_industrial_tilesheet_78.asset using Guid(6186ebf0f25becf418e9a94458e2831c) Importer(815301076,1909f56bfc062723c751e8b465ee728b)  -> (artifact id: '2aca763d3e18186ce4341c7ef7129171') in 0.006935 seconds 
  Import took 0.009512 seconds .

========================================================================
Received Import Request.
  Time since last request: 0.000131 seconds.
  path: Assets/Tilemap/platformerPack_industrial_tilesheet_77.asset
  artifactKey: Guid(80295261f2da2884b804fffbb6771c96) Importer(815301076,1909f56bfc062723c751e8b465ee728b)
Start importing Assets/Tilemap/platformerPack_industrial_tilesheet_77.asset using Guid(80295261f2da2884b804fffbb6771c96) Importer(815301076,1909f56bfc062723c751e8b465ee728b)  -> (artifact id: 'c18328217f22c22756c39af859aee0d1') in 0.006893 seconds 
  Import took 0.009518 seconds .

========================================================================
Received Import Request.
  Time since last request: 0.000142 seconds.
  path: Assets/Tilemap/platformerPack_industrial_tilesheet_66.asset
  artifactKey: Guid(5dc65909b79491540ae996670d79c6ed) Importer(815301076,1909f56bfc062723c751e8b465ee728b)
Start importing Assets/Tilemap/platformerPack_industrial_tilesheet_66.asset using Guid(5dc65909b79491540ae996670d79c6ed) Importer(815301076,1909f56bfc062723c751e8b465ee728b)  -> (artifact id: '0d41878d2961f4a69e5bf29c7ca02846') in 0.008231 seconds 
  Import took 0.011032 seconds .

========================================================================
Received Import Request.
  Time since last request: 0.000121 seconds.
  path: Assets/Tilemap/platformerPack_industrial_tilesheet_108.asset
  artifactKey: Guid(03fdea2382fa8be4b9930cc0869a8637) Importer(815301076,1909f56bfc062723c751e8b465ee728b)
Start importing Assets/Tilemap/platformerPack_industrial_tilesheet_108.asset using Guid(03fdea2382fa8be4b9930cc0869a8637) Importer(815301076,1909f56bfc062723c751e8b465ee728b)  -> (artifact id: '27d352c1b35e4c2868173640fbdba824') in 0.006991 seconds 
  Import took 0.009618 seconds .

========================================================================
Received Import Request.
  Time since last request: 0.000116 seconds.
  path: Assets/Tilemap/platformerPack_industrial_tilesheet_65.asset
  artifactKey: Guid(bdeae910dbcd8684b811eb9fa1c7b30d) Importer(815301076,1909f56bfc062723c751e8b465ee728b)
Start importing Assets/Tilemap/platformerPack_industrial_tilesheet_65.asset using Guid(bdeae910dbcd8684b811eb9fa1c7b30d) Importer(815301076,1909f56bfc062723c751e8b465ee728b)  -> (artifact id: 'eda21a0d9d6bafd7d367c867f18835b7') in 0.006876 seconds 
  Import took 0.009408 seconds .

========================================================================
Received Import Request.
  Time since last request: 0.000155 seconds.
  path: Assets/Tilemap/platformerPack_industrial_tilesheet_107.asset
  artifactKey: Guid(16df11a219ffef945a4083f9bf673969) Importer(815301076,1909f56bfc062723c751e8b465ee728b)
Start importing Assets/Tilemap/platformerPack_industrial_tilesheet_107.asset using Guid(16df11a219ffef945a4083f9bf673969) Importer(815301076,1909f56bfc062723c751e8b465ee728b)  -> (artifact id: '179237742f248751f399fed9f1054cc8') in 0.006700 seconds 
  Import took 0.009232 seconds .

========================================================================
Received Import Request.
  Time since last request: 0.000116 seconds.
  path: Assets/Tilemap/platformerPack_industrial_tilesheet_59.asset
  artifactKey: Guid(999a4f51ad694d14eb7b6d9f8a853ab2) Importer(815301076,1909f56bfc062723c751e8b465ee728b)
Start importing Assets/Tilemap/platformerPack_industrial_tilesheet_59.asset using Guid(999a4f51ad694d14eb7b6d9f8a853ab2) Importer(815301076,1909f56bfc062723c751e8b465ee728b)  -> (artifact id: '9a35a17acf18590cd78c87541dfcade8') in 0.006994 seconds 
  Import took 0.009536 seconds .

========================================================================
Received Import Request.
  Time since last request: 0.000109 seconds.
  path: Assets/Tilemap/platformerPack_industrial_tilesheet_31.asset
  artifactKey: Guid(690b3d7b58ce96746ae943286481cfef) Importer(815301076,1909f56bfc062723c751e8b465ee728b)
Start importing Assets/Tilemap/platformerPack_industrial_tilesheet_31.asset using Guid(690b3d7b58ce96746ae943286481cfef) Importer(815301076,1909f56bfc062723c751e8b465ee728b)  -> (artifact id: 'b3253b52d9998ae93ff376eb6fed9cbf') in 0.006887 seconds 
  Import took 0.009448 seconds .

========================================================================
Received Import Request.
  Time since last request: 0.000146 seconds.
  path: Assets/Tilemap/platformerPack_industrial_tilesheet_100.asset
  artifactKey: Guid(4bfb4a7442ef195438aca64269ccd1fe) Importer(815301076,1909f56bfc062723c751e8b465ee728b)
Start importing Assets/Tilemap/platformerPack_industrial_tilesheet_100.asset using Guid(4bfb4a7442ef195438aca64269ccd1fe) Importer(815301076,1909f56bfc062723c751e8b465ee728b)  -> (artifact id: '767d92e192fe1dc3e41078eee71cfdcd') in 0.006871 seconds 
  Import took 0.009710 seconds .

========================================================================
Received Import Request.
  Time since last request: 0.000131 seconds.
  path: Assets/Tilemap/platformerPack_industrial_tilesheet_34.asset
  artifactKey: Guid(7277aaea9e3d51b40bea6af7ee328ffe) Importer(815301076,1909f56bfc062723c751e8b465ee728b)
Start importing Assets/Tilemap/platformerPack_industrial_tilesheet_34.asset using Guid(7277aaea9e3d51b40bea6af7ee328ffe) Importer(815301076,1909f56bfc062723c751e8b465ee728b)  -> (artifact id: '91398859b29a83fbd48941ccf636c441') in 0.007815 seconds 
  Import took 0.010534 seconds .

========================================================================
Received Import Request.
  Time since last request: 0.000111 seconds.
  path: Assets/Tilemap/platformerPack_industrial_tilesheet_76.asset
  artifactKey: Guid(78cf73a8025efc847b162265b3e19156) Importer(815301076,1909f56bfc062723c751e8b465ee728b)
Start importing Assets/Tilemap/platformerPack_industrial_tilesheet_76.asset using Guid(78cf73a8025efc847b162265b3e19156) Importer(815301076,1909f56bfc062723c751e8b465ee728b)  -> (artifact id: 'd4e5811fa3cd97588ad0c8916aca8766') in 0.007514 seconds 
  Import took 0.010119 seconds .

========================================================================
Received Import Request.
  Time since last request: 0.000111 seconds.
  path: Assets/Tilemap/platformerPack_industrial_tilesheet_74.asset
  artifactKey: Guid(e7974efd93ca17043b2f441d54034753) Importer(815301076,1909f56bfc062723c751e8b465ee728b)
Start importing Assets/Tilemap/platformerPack_industrial_tilesheet_74.asset using Guid(e7974efd93ca17043b2f441d54034753) Importer(815301076,1909f56bfc062723c751e8b465ee728b)  -> (artifact id: '4fe27acb7e0b816aa1f6c86f78e440f3') in 0.008160 seconds 
  Import took 0.010764 seconds .

========================================================================
Received Import Request.
  Time since last request: 0.000121 seconds.
  path: Assets/Tilemap/platformerPack_industrial_tilesheet_29.asset
  artifactKey: Guid(53773f8b16893d9408ca81482aa1de90) Importer(815301076,1909f56bfc062723c751e8b465ee728b)
Start importing Assets/Tilemap/platformerPack_industrial_tilesheet_29.asset using Guid(53773f8b16893d9408ca81482aa1de90) Importer(815301076,1909f56bfc062723c751e8b465ee728b)  -> (artifact id: 'cc9b56615bd4c558f923772df7dcaf6d') in 0.007225 seconds 
  Import took 0.009937 seconds .

========================================================================
Received Import Request.
  Time since last request: 0.000130 seconds.
  path: Assets/Tilemap/platformerPack_industrial_tilesheet_60.asset
  artifactKey: Guid(be46cc5d3dcec8a44916b99947aa819d) Importer(815301076,1909f56bfc062723c751e8b465ee728b)
Start importing Assets/Tilemap/platformerPack_industrial_tilesheet_60.asset using Guid(be46cc5d3dcec8a44916b99947aa819d) Importer(815301076,1909f56bfc062723c751e8b465ee728b)  -> (artifact id: '90339f727a81b27e64b00dc12b91df80') in 0.007015 seconds 
  Import took 0.009690 seconds .

========================================================================
Received Import Request.
  Time since last request: 971.695123 seconds.
  path: Assets/Tilemap/Ground.prefab
  artifactKey: Guid(93ef3466e2d85864cb9a54a84f1be21e) Importer(815301076,1909f56bfc062723c751e8b465ee728b)
Start importing Assets/Tilemap/Ground.prefab using Guid(93ef3466e2d85864cb9a54a84f1be21e) Importer(815301076,1909f56bfc062723c751e8b465ee728b)  -> (artifact id: 'fa932a5b1eaf853a6671a65b41f88c32') in 0.287644 seconds 
  Import took 0.291487 seconds .

AssetImportWorkerClient::OnTransportError - code=2 error=End of file
