Using pre-set license
Built from '2020.3/staging' branch; Version is '2020.3.23f1 (c5d91304a876) revision 12966163'; Using compiler version '192528614'; Build Type 'Release'
OS: 'Windows 10 Home; OS build 19043.1706; Version 2009; 64bit' Language: 'en' Physical Memory: 32666 MB
BatchMode: 1, IsHumanControllingUs: 0, StartBugReporterOnCrash: 0, Is64bit: 1, IsPro: 0

COMMAND LINE ARGUMENTS:
C:\Program Files\Unity\Hub\Editor\2020.3.23f1\Editor\Unity.exe
-adb2
-batchMode
-noUpm
-name
AssetImportWorker0
-projectPath
C:/Users/Admin/Documents/GitHub/Project22
-logFile
Logs/AssetImportWorker0.log
-srvPort
58387
Successfully changed project path to: C:/Users/Admin/Documents/GitHub/Project22
C:/Users/Admin/Documents/GitHub/Project22
Using Asset Import Pipeline V2.
Refreshing native plugins compatible for Editor in 56.17 ms, found 3 plugins.
Preloading 0 native plugins for Editor in 0.00 ms.
Initialize engine version: 2020.3.23f1 (c5d91304a876)
[Subsystems] Discovering subsystems at path C:/Program Files/Unity/Hub/Editor/2020.3.23f1/Editor/Data/Resources/UnitySubsystems
[Subsystems] Discovering subsystems at path C:/Users/Admin/Documents/GitHub/Project22/Assets
GfxDevice: creating device client; threaded=0
Direct3D:
    Version:  Direct3D 11.0 [level 11.1]
    Renderer: NVIDIA GeForce RTX 2070 SUPER (ID=0x1e84)
    Vendor:   
    VRAM:     8012 MB
    Driver:   30.0.15.1259
Initialize mono
Mono path[0] = 'C:/Program Files/Unity/Hub/Editor/2020.3.23f1/Editor/Data/Managed'
Mono path[1] = 'C:/Program Files/Unity/Hub/Editor/2020.3.23f1/Editor/Data/MonoBleedingEdge/lib/mono/unityjit'
Mono config path = 'C:/Program Files/Unity/Hub/Editor/2020.3.23f1/Editor/Data/MonoBleedingEdge/etc'
Using monoOptions --debugger-agent=transport=dt_socket,embedding=1,server=y,suspend=n,address=127.0.0.1:56556
Begin MonoManager ReloadAssembly
Registering precompiled unity dll's ...
Register platform support module: C:/Program Files/Unity/Hub/Editor/2020.3.23f1/Editor/Data/PlaybackEngines/WindowsStandaloneSupport/UnityEditor.WindowsStandalone.Extensions.dll
Registered in 0.001403 seconds.
Native extension for WindowsStandalone target not found
Refreshing native plugins compatible for Editor in 56.22 ms, found 3 plugins.
Preloading 0 native plugins for Editor in 0.00 ms.
Mono: successfully reloaded assembly
- Completed reload, in  0.474 seconds
Domain Reload Profiling:
	ReloadAssembly (475ms)
		BeginReloadAssembly (41ms)
			ExecutionOrderSort (0ms)
			DisableScriptedObjects (0ms)
			BackupInstance (0ms)
			ReleaseScriptingObjects (0ms)
			CreateAndSetChildDomain (1ms)
		EndReloadAssembly (377ms)
			LoadAssemblies (40ms)
			RebuildTransferFunctionScriptingTraits (0ms)
			SetupTypeCache (116ms)
			ReleaseScriptCaches (0ms)
			RebuildScriptCaches (23ms)
			SetupLoadedEditorAssemblies (156ms)
				LogAssemblyErrors (0ms)
				InitializePlatformSupportModulesInManaged (3ms)
				SetLoadedEditorAssemblies (0ms)
				RefreshPlugins (56ms)
				BeforeProcessingInitializeOnLoad (11ms)
				ProcessInitializeOnLoadAttributes (64ms)
				ProcessInitializeOnLoadMethodAttributes (22ms)
				AfterProcessingInitializeOnLoad (0ms)
				EditorAssembliesLoaded (0ms)
			ExecutionOrderSort2 (0ms)
			AwakeInstancesAfterBackupRestoration (0ms)
Platform modules already initialized, skipping
Registering precompiled user dll's ...
Registered in 0.003749 seconds.
Begin MonoManager ReloadAssembly
Native extension for WindowsStandalone target not found
Refreshing native plugins compatible for Editor in 56.17 ms, found 3 plugins.
Preloading 0 native plugins for Editor in 0.00 ms.
Mono: successfully reloaded assembly
- Completed reload, in  0.969 seconds
Domain Reload Profiling:
	ReloadAssembly (970ms)
		BeginReloadAssembly (109ms)
			ExecutionOrderSort (0ms)
			DisableScriptedObjects (4ms)
			BackupInstance (0ms)
			ReleaseScriptingObjects (0ms)
			CreateAndSetChildDomain (13ms)
		EndReloadAssembly (812ms)
			LoadAssemblies (72ms)
			RebuildTransferFunctionScriptingTraits (0ms)
			SetupTypeCache (266ms)
			ReleaseScriptCaches (0ms)
			RebuildScriptCaches (47ms)
			SetupLoadedEditorAssemblies (328ms)
				LogAssemblyErrors (0ms)
				InitializePlatformSupportModulesInManaged (3ms)
				SetLoadedEditorAssemblies (0ms)
				RefreshPlugins (56ms)
				BeforeProcessingInitializeOnLoad (86ms)
				ProcessInitializeOnLoadAttributes (166ms)
				ProcessInitializeOnLoadMethodAttributes (13ms)
				AfterProcessingInitializeOnLoad (5ms)
				EditorAssembliesLoaded (0ms)
			ExecutionOrderSort2 (0ms)
			AwakeInstancesAfterBackupRestoration (5ms)
Platform modules already initialized, skipping
========================================================================
Worker process is ready to serve import requests
Launched and connected shader compiler UnityShaderCompiler.exe after 0.05 seconds
Refreshing native plugins compatible for Editor in 0.56 ms, found 3 plugins.
Preloading 0 native plugins for Editor in 0.00 ms.
Unloading 3503 Unused Serialized files (Serialized files now loaded: 0)
System memory in use before: 149.0 MB.
System memory in use after: 149.1 MB.

Unloading 36 unused Assets to reduce memory usage. Loaded Objects now: 3929.
Total: 2.722600 ms (FindLiveObjects: 0.274900 ms CreateObjectMapping: 0.168000 ms MarkObjects: 2.169000 ms  DeleteObjects: 0.109900 ms)

AssetImportParameters requested are different than current active one (requested -> active):
  custom:framework-win-MediaFoundation: 216162199b28c13a410421893ffa2e32 -> 
  custom:video-decoder-ogg-theora: a1e56fd34408186e4bbccfd4996cb3dc -> 
  custom:container-muxer-webm: aa71ff27fc2769a1b78a27578f13a17b -> 
  custom:container-demuxer-webm: 4f35f7cbe854078d1ac9338744f61a02 -> 
  custom:container-demuxer-ogg: 62fdf1f143b41e24485cea50d1cbac27 -> 
  custom:video-encoder-webm-vp8: eb34c28f22e8b96e1ab97ce403110664 -> 
  custom:video-decoder-webm-vp8: 9c59270c3fd7afecdb556c50c9e8de78 -> 
  custom:audio-decoder-ogg-vorbis: bf7c407c2cedff20999df2af8eb42d56 -> 
  custom:audio-encoder-webm-vorbis: bf7c407c2cedff20999df2af8eb42d56 -> 
========================================================================
Received Import Request.
  path: Assets/Prefabs/CosmeticPrefabs
  artifactKey: Guid(55399c94171d42c4a9b1dd3badb2ac6c) Importer(815301076,1909f56bfc062723c751e8b465ee728b)
Start importing Assets/Prefabs/CosmeticPrefabs using Guid(55399c94171d42c4a9b1dd3badb2ac6c) Importer(815301076,1909f56bfc062723c751e8b465ee728b)  -> (artifact id: 'c7dc6b2aada9d6616814cd9740f3bca2') in 0.006568 seconds 
  Import took 0.010585 seconds .

========================================================================
Received Import Request.
  Time since last request: 7.927034 seconds.
  path: Assets/AssetArt/3 Objects
  artifactKey: Guid(b224739dfe881a74e957b48397df9756) Importer(815301076,1909f56bfc062723c751e8b465ee728b)
Start importing Assets/AssetArt/3 Objects using Guid(b224739dfe881a74e957b48397df9756) Importer(815301076,1909f56bfc062723c751e8b465ee728b)  -> (artifact id: 'b7f23e2caeb798fb17c2fe893371eb18') in 0.004168 seconds 
  Import took 0.008189 seconds .

========================================================================
Received Import Request.
  Time since last request: 0.078103 seconds.
  path: Assets/AssetArt/3 Objects/0.png
  artifactKey: Guid(06ebbfea7c9b3334a987c57e5329c7f1) Importer(815301076,1909f56bfc062723c751e8b465ee728b)
Start importing Assets/AssetArt/3 Objects/0.png using Guid(06ebbfea7c9b3334a987c57e5329c7f1) Importer(815301076,1909f56bfc062723c751e8b465ee728b)  -> (artifact id: '9c9b0472991d800de719cb59cf90a2b3') in 0.081988 seconds 
  Import took 0.086128 seconds .

========================================================================
Received Import Request.
  Time since last request: 0.000123 seconds.
  path: Assets/AssetArt/3 Objects/Bench.png
  artifactKey: Guid(e23048b841140f641af480c173fdb71b) Importer(815301076,1909f56bfc062723c751e8b465ee728b)
Start importing Assets/AssetArt/3 Objects/Bench.png using Guid(e23048b841140f641af480c173fdb71b) Importer(815301076,1909f56bfc062723c751e8b465ee728b)  -> (artifact id: '7ee4cf42b4324fdb15d45e732f5c1ee3') in 0.009090 seconds 
  Import took 0.013114 seconds .

========================================================================
Received Import Request.
  Time since last request: 0.000115 seconds.
  path: Assets/AssetArt/3 Objects/4.png
  artifactKey: Guid(e80599e1d8d09d24aae69380f1240f5b) Importer(815301076,1909f56bfc062723c751e8b465ee728b)
Start importing Assets/AssetArt/3 Objects/4.png using Guid(e80599e1d8d09d24aae69380f1240f5b) Importer(815301076,1909f56bfc062723c751e8b465ee728b)  -> (artifact id: 'cb9caa4f2613d309c4d7a8ed21281dfd') in 0.008605 seconds 
  Import took 0.012793 seconds .

========================================================================
Received Import Request.
  Time since last request: 0.000115 seconds.
  path: Assets/AssetArt/3 Objects/Board3.png
  artifactKey: Guid(96e152bd676f661479b34843a1dfb727) Importer(815301076,1909f56bfc062723c751e8b465ee728b)
Start importing Assets/AssetArt/3 Objects/Board3.png using Guid(96e152bd676f661479b34843a1dfb727) Importer(815301076,1909f56bfc062723c751e8b465ee728b)  -> (artifact id: '432d638f73bf68756576a2690d7cd661') in 0.009063 seconds 
  Import took 0.013162 seconds .

========================================================================
Received Import Request.
  Time since last request: 0.000115 seconds.
  path: Assets/AssetArt/3 Objects/Barrel3.png
  artifactKey: Guid(17a979d831358254b8aed60661bbf63e) Importer(815301076,1909f56bfc062723c751e8b465ee728b)
Start importing Assets/AssetArt/3 Objects/Barrel3.png using Guid(17a979d831358254b8aed60661bbf63e) Importer(815301076,1909f56bfc062723c751e8b465ee728b)  -> (artifact id: 'd3483fdb3a837d3404839d15ae36f59f') in 0.009521 seconds 
  Import took 0.013596 seconds .

========================================================================
Received Import Request.
  Time since last request: 0.000120 seconds.
  path: Assets/AssetArt/3 Objects/Box1.png
  artifactKey: Guid(08efcc8859223554c808226ef0b232db) Importer(815301076,1909f56bfc062723c751e8b465ee728b)
Start importing Assets/AssetArt/3 Objects/Box1.png using Guid(08efcc8859223554c808226ef0b232db) Importer(815301076,1909f56bfc062723c751e8b465ee728b)  -> (artifact id: '66984899a129fe5dc71a2d6c14a760f4') in 0.009309 seconds 
  Import took 0.013352 seconds .

========================================================================
Received Import Request.
  Time since last request: 0.000120 seconds.
  path: Assets/AssetArt/3 Objects/7.png
  artifactKey: Guid(62969a19683ba5c4199963e9aa8dc86e) Importer(815301076,1909f56bfc062723c751e8b465ee728b)
Start importing Assets/AssetArt/3 Objects/7.png using Guid(62969a19683ba5c4199963e9aa8dc86e) Importer(815301076,1909f56bfc062723c751e8b465ee728b)  -> (artifact id: 'e3d9bc0d4167c85194a883e5020c8bf8') in 0.008488 seconds 
  Import took 0.012519 seconds .

========================================================================
Received Import Request.
  Time since last request: 0.000125 seconds.
  path: Assets/AssetArt/3 Objects/Ladder3.png
  artifactKey: Guid(3b6472cef4c0a444db4fad3002932057) Importer(815301076,1909f56bfc062723c751e8b465ee728b)
Start importing Assets/AssetArt/3 Objects/Ladder3.png using Guid(3b6472cef4c0a444db4fad3002932057) Importer(815301076,1909f56bfc062723c751e8b465ee728b)  -> (artifact id: 'aa66b4f7f11ffea569f32b46f0d64aa4') in 0.009003 seconds 
  Import took 0.012996 seconds .

========================================================================
Received Import Request.
  Time since last request: 0.000120 seconds.
  path: Assets/AssetArt/3 Objects/Locker1.png
  artifactKey: Guid(78db4f81b482d0641bc51ce850dcc6de) Importer(815301076,1909f56bfc062723c751e8b465ee728b)
Start importing Assets/AssetArt/3 Objects/Locker1.png using Guid(78db4f81b482d0641bc51ce850dcc6de) Importer(815301076,1909f56bfc062723c751e8b465ee728b)  -> (artifact id: '2c1b82f7a5de08789f2208b68819030b') in 0.008636 seconds 
  Import took 0.012554 seconds .

========================================================================
Received Import Request.
  Time since last request: 0.000126 seconds.
  path: Assets/AssetArt/3 Objects/Locker4.png
  artifactKey: Guid(b87903e171943a64f8671c2655b718c8) Importer(815301076,1909f56bfc062723c751e8b465ee728b)
Start importing Assets/AssetArt/3 Objects/Locker4.png using Guid(b87903e171943a64f8671c2655b718c8) Importer(815301076,1909f56bfc062723c751e8b465ee728b)  -> (artifact id: 'f35f8d4297674a91d6bc85d4f5351883') in 0.008949 seconds 
  Import took 0.013154 seconds .

========================================================================
Received Import Request.
  Time since last request: 0.000120 seconds.
  path: Assets/AssetArt/3 Objects/Barrel1.png
  artifactKey: Guid(9069415665ad35e41aebecb9fed153d8) Importer(815301076,1909f56bfc062723c751e8b465ee728b)
Start importing Assets/AssetArt/3 Objects/Barrel1.png using Guid(9069415665ad35e41aebecb9fed153d8) Importer(815301076,1909f56bfc062723c751e8b465ee728b)  -> (artifact id: '10cb3464044a3e895a3c5d9828ee8077') in 0.008890 seconds 
  Import took 0.012941 seconds .

========================================================================
Received Import Request.
  Time since last request: 0.000122 seconds.
  path: Assets/AssetArt/3 Objects/Pointer1.png
  artifactKey: Guid(6ddf5a519fc3e5848939954cc8abd921) Importer(815301076,1909f56bfc062723c751e8b465ee728b)
Start importing Assets/AssetArt/3 Objects/Pointer1.png using Guid(6ddf5a519fc3e5848939954cc8abd921) Importer(815301076,1909f56bfc062723c751e8b465ee728b)  -> (artifact id: 'f6ddfc01502883f931d11f88119c1ad3') in 0.009129 seconds 
  Import took 0.013337 seconds .

========================================================================
Received Import Request.
  Time since last request: 0.000125 seconds.
  path: Assets/AssetArt/3 Objects/1.png
  artifactKey: Guid(d3f15d48a7216c14d86c1e12d465b689) Importer(815301076,1909f56bfc062723c751e8b465ee728b)
Start importing Assets/AssetArt/3 Objects/1.png using Guid(d3f15d48a7216c14d86c1e12d465b689) Importer(815301076,1909f56bfc062723c751e8b465ee728b)  -> (artifact id: 'e306f62dc40a1fc730d2fc85e092ae2e') in 0.008467 seconds 
  Import took 0.012645 seconds .

========================================================================
Received Import Request.
  Time since last request: 0.000116 seconds.
  path: Assets/AssetArt/3 Objects/Barrel4.png
  artifactKey: Guid(5222e02e7a0bdf74d88c3e183de3a845) Importer(815301076,1909f56bfc062723c751e8b465ee728b)
Start importing Assets/AssetArt/3 Objects/Barrel4.png using Guid(5222e02e7a0bdf74d88c3e183de3a845) Importer(815301076,1909f56bfc062723c751e8b465ee728b)  -> (artifact id: 'cae24321b01afc43a06930db8c1f5b48') in 0.009470 seconds 
  Import took 0.013484 seconds .

========================================================================
Received Import Request.
  Time since last request: 0.000114 seconds.
  path: Assets/AssetArt/3 Objects/Fence3.png
  artifactKey: Guid(b2dc65afe44525f4e92bcb75deee0cec) Importer(815301076,1909f56bfc062723c751e8b465ee728b)
Start importing Assets/AssetArt/3 Objects/Fence3.png using Guid(b2dc65afe44525f4e92bcb75deee0cec) Importer(815301076,1909f56bfc062723c751e8b465ee728b)  -> (artifact id: 'b95268db5429467f94b8fce0e664eb47') in 0.008773 seconds 
  Import took 0.012690 seconds .

========================================================================
Received Import Request.
  Time since last request: 0.000118 seconds.
  path: Assets/AssetArt/3 Objects/Bucket.png
  artifactKey: Guid(60a27e7c05bed0843a2b20a55b3c2847) Importer(815301076,1909f56bfc062723c751e8b465ee728b)
Start importing Assets/AssetArt/3 Objects/Bucket.png using Guid(60a27e7c05bed0843a2b20a55b3c2847) Importer(815301076,1909f56bfc062723c751e8b465ee728b)  -> (artifact id: 'db2b36af9f630036fbf9e1367e473ade') in 0.008948 seconds 
  Import took 0.012981 seconds .

========================================================================
Received Import Request.
  Time since last request: 0.000126 seconds.
  path: Assets/AssetArt/3 Objects/Fire-extinguisher2.png
  artifactKey: Guid(081e36f7cdc71dc47842207a3c39f6e5) Importer(815301076,1909f56bfc062723c751e8b465ee728b)
Start importing Assets/AssetArt/3 Objects/Fire-extinguisher2.png using Guid(081e36f7cdc71dc47842207a3c39f6e5) Importer(815301076,1909f56bfc062723c751e8b465ee728b)  -> (artifact id: '4abee0183333476b31a08cc72c82c57f') in 0.009144 seconds 
  Import took 0.013225 seconds .

========================================================================
Received Import Request.
  Time since last request: 0.000115 seconds.
  path: Assets/AssetArt/3 Objects/Fire-extinguisher3.png
  artifactKey: Guid(ad4c47ff933732841ab34f3213da7803) Importer(815301076,1909f56bfc062723c751e8b465ee728b)
Start importing Assets/AssetArt/3 Objects/Fire-extinguisher3.png using Guid(ad4c47ff933732841ab34f3213da7803) Importer(815301076,1909f56bfc062723c751e8b465ee728b)  -> (artifact id: '2666634481807659b1ab7acf3cf3b9f7') in 0.009913 seconds 
  Import took 0.013956 seconds .

========================================================================
Received Import Request.
  Time since last request: 0.000119 seconds.
  path: Assets/AssetArt/3 Objects/Box3.png
  artifactKey: Guid(dcabb536fd927744a8d6612d0b1f83c7) Importer(815301076,1909f56bfc062723c751e8b465ee728b)
Start importing Assets/AssetArt/3 Objects/Box3.png using Guid(dcabb536fd927744a8d6612d0b1f83c7) Importer(815301076,1909f56bfc062723c751e8b465ee728b)  -> (artifact id: '36ea0654f46f6d00707fb154209b3fed') in 0.008760 seconds 
  Import took 0.012890 seconds .

========================================================================
Received Import Request.
  Time since last request: 0.000123 seconds.
  path: Assets/AssetArt/3 Objects/Fence2.png
  artifactKey: Guid(148405fb0d35a484bb62f55f1b1ffa75) Importer(815301076,1909f56bfc062723c751e8b465ee728b)
Start importing Assets/AssetArt/3 Objects/Fence2.png using Guid(148405fb0d35a484bb62f55f1b1ffa75) Importer(815301076,1909f56bfc062723c751e8b465ee728b)  -> (artifact id: 'e1f9712106160d9f6a796dc131583cbf') in 0.008505 seconds 
  Import took 0.012686 seconds .

========================================================================
Received Import Request.
  Time since last request: 0.000120 seconds.
  path: Assets/AssetArt/3 Objects/6.png
  artifactKey: Guid(fef1c28c18854f84ea0d469e4a029b41) Importer(815301076,1909f56bfc062723c751e8b465ee728b)
Start importing Assets/AssetArt/3 Objects/6.png using Guid(fef1c28c18854f84ea0d469e4a029b41) Importer(815301076,1909f56bfc062723c751e8b465ee728b)  -> (artifact id: 'f95e3b06ca1df358bf7a9b2e04e2f374') in 0.008869 seconds 
  Import took 0.012856 seconds .

========================================================================
Received Import Request.
  Time since last request: 0.000119 seconds.
  path: Assets/AssetArt/3 Objects/8.png
  artifactKey: Guid(45ab075d829301e42b285288ca4720e6) Importer(815301076,1909f56bfc062723c751e8b465ee728b)
Start importing Assets/AssetArt/3 Objects/8.png using Guid(45ab075d829301e42b285288ca4720e6) Importer(815301076,1909f56bfc062723c751e8b465ee728b)  -> (artifact id: '8ea2e8a69b94483bd9cc20f85af6e60d') in 0.008719 seconds 
  Import took 0.012710 seconds .

========================================================================
Received Import Request.
  Time since last request: 0.000127 seconds.
  path: Assets/AssetArt/3 Objects/Fence1.png
  artifactKey: Guid(a5791e70233d4f443b23cc078612bb10) Importer(815301076,1909f56bfc062723c751e8b465ee728b)
Start importing Assets/AssetArt/3 Objects/Fence1.png using Guid(a5791e70233d4f443b23cc078612bb10) Importer(815301076,1909f56bfc062723c751e8b465ee728b)  -> (artifact id: 'ca8370a6e79d68e53ced6c852e0f9f62') in 0.009221 seconds 
  Import took 0.013243 seconds .

========================================================================
Received Import Request.
  Time since last request: 0.000121 seconds.
  path: Assets/AssetArt/3 Objects/Flag.png
  artifactKey: Guid(2cfaa3a33641ae84ab66073115068ae3) Importer(815301076,1909f56bfc062723c751e8b465ee728b)
Start importing Assets/AssetArt/3 Objects/Flag.png using Guid(2cfaa3a33641ae84ab66073115068ae3) Importer(815301076,1909f56bfc062723c751e8b465ee728b)  -> (artifact id: 'adf8780016a47603ef58a960745101df') in 0.009197 seconds 
  Import took 0.013148 seconds .

========================================================================
Received Import Request.
  Time since last request: 0.000111 seconds.
  path: Assets/AssetArt/3 Objects/Locker3.png
  artifactKey: Guid(33be62e46c82f764b85b2e32f47cbe01) Importer(815301076,1909f56bfc062723c751e8b465ee728b)
Start importing Assets/AssetArt/3 Objects/Locker3.png using Guid(33be62e46c82f764b85b2e32f47cbe01) Importer(815301076,1909f56bfc062723c751e8b465ee728b)  -> (artifact id: '81e5264eb86158835f014d8e43b6893e') in 0.008718 seconds 
  Import took 0.012759 seconds .

========================================================================
Received Import Request.
  Time since last request: 0.000119 seconds.
  path: Assets/AssetArt/3 Objects/Box8.png
  artifactKey: Guid(dd8c567b679a03942a2d79424c383af6) Importer(815301076,1909f56bfc062723c751e8b465ee728b)
Start importing Assets/AssetArt/3 Objects/Box8.png using Guid(dd8c567b679a03942a2d79424c383af6) Importer(815301076,1909f56bfc062723c751e8b465ee728b)  -> (artifact id: '713b6ed9ccdde2651bdb1510f16e2657') in 0.009150 seconds 
  Import took 0.013146 seconds .

========================================================================
Received Import Request.
  Time since last request: 0.000131 seconds.
  path: Assets/AssetArt/3 Objects/Locker2.png
  artifactKey: Guid(ea3293f4986fa5b44bbf6230a6a223a7) Importer(815301076,1909f56bfc062723c751e8b465ee728b)
Start importing Assets/AssetArt/3 Objects/Locker2.png using Guid(ea3293f4986fa5b44bbf6230a6a223a7) Importer(815301076,1909f56bfc062723c751e8b465ee728b)  -> (artifact id: '7c5429ade4ff1f94e9eea08e2c17ef14') in 0.009544 seconds 
  Import took 0.013586 seconds .

========================================================================
Received Import Request.
  Time since last request: 0.000121 seconds.
  path: Assets/AssetArt/3 Objects/Barrel2.png
  artifactKey: Guid(48e59b77586bcfb4b81f59362e4c9aeb) Importer(815301076,1909f56bfc062723c751e8b465ee728b)
Start importing Assets/AssetArt/3 Objects/Barrel2.png using Guid(48e59b77586bcfb4b81f59362e4c9aeb) Importer(815301076,1909f56bfc062723c751e8b465ee728b)  -> (artifact id: '1957c81ba5d503f7b1f0f72db1db04c9') in 0.009015 seconds 
  Import took 0.013085 seconds .

========================================================================
Received Import Request.
  Time since last request: 0.000116 seconds.
  path: Assets/AssetArt/3 Objects/Board1.png
  artifactKey: Guid(2cc84ba6e861485418d3de17b91f9ac1) Importer(815301076,1909f56bfc062723c751e8b465ee728b)
Start importing Assets/AssetArt/3 Objects/Board1.png using Guid(2cc84ba6e861485418d3de17b91f9ac1) Importer(815301076,1909f56bfc062723c751e8b465ee728b)  -> (artifact id: '7a41bf8dddb1715e59f5b43bd75dde1b') in 0.009125 seconds 
  Import took 0.013221 seconds .

========================================================================
Received Import Request.
  Time since last request: 0.000133 seconds.
  path: Assets/AssetArt/3 Objects/Board2.png
  artifactKey: Guid(e89fa32413307674b9296bc6b4089e3e) Importer(815301076,1909f56bfc062723c751e8b465ee728b)
Start importing Assets/AssetArt/3 Objects/Board2.png using Guid(e89fa32413307674b9296bc6b4089e3e) Importer(815301076,1909f56bfc062723c751e8b465ee728b)  -> (artifact id: '85c8cb83231a94079f9b59572795b647') in 0.008684 seconds 
  Import took 0.012742 seconds .

========================================================================
Received Import Request.
  Time since last request: 0.000130 seconds.
  path: Assets/AssetArt/3 Objects/Ladder1.png
  artifactKey: Guid(8ac245ff5b223234c825bf415fcbcb76) Importer(815301076,1909f56bfc062723c751e8b465ee728b)
Start importing Assets/AssetArt/3 Objects/Ladder1.png using Guid(8ac245ff5b223234c825bf415fcbcb76) Importer(815301076,1909f56bfc062723c751e8b465ee728b)  -> (artifact id: '36f2ca093133478b08994ba6313b5269') in 0.008828 seconds 
  Import took 0.012886 seconds .

========================================================================
Received Import Request.
  Time since last request: 0.000113 seconds.
  path: Assets/AssetArt/3 Objects/Fire-extinguisher1.png
  artifactKey: Guid(2e39cbf10243e544a9ecc6f07593ccde) Importer(815301076,1909f56bfc062723c751e8b465ee728b)
Start importing Assets/AssetArt/3 Objects/Fire-extinguisher1.png using Guid(2e39cbf10243e544a9ecc6f07593ccde) Importer(815301076,1909f56bfc062723c751e8b465ee728b)  -> (artifact id: 'f72ec6817b058fcd43813ab0c5580523') in 0.008872 seconds 
  Import took 0.012775 seconds .

========================================================================
Received Import Request.
  Time since last request: 0.000118 seconds.
  path: Assets/AssetArt/3 Objects/5.png
  artifactKey: Guid(5f4bb2696e6c7884f89469b5afb429b7) Importer(815301076,1909f56bfc062723c751e8b465ee728b)
Start importing Assets/AssetArt/3 Objects/5.png using Guid(5f4bb2696e6c7884f89469b5afb429b7) Importer(815301076,1909f56bfc062723c751e8b465ee728b)  -> (artifact id: 'b75f83e7ee44412e09b2c84f0eae60ff') in 0.009072 seconds 
  Import took 0.013006 seconds .

========================================================================
Received Import Request.
  Time since last request: 0.000116 seconds.
  path: Assets/AssetArt/3 Objects/3.png
  artifactKey: Guid(d11cc8fe57db93948b1c7986263e37e1) Importer(815301076,1909f56bfc062723c751e8b465ee728b)
Start importing Assets/AssetArt/3 Objects/3.png using Guid(d11cc8fe57db93948b1c7986263e37e1) Importer(815301076,1909f56bfc062723c751e8b465ee728b)  -> (artifact id: 'bc70e7b740a69ddf3e77edfd3e2e2d7a') in 0.009366 seconds 
  Import took 0.013403 seconds .

========================================================================
Received Import Request.
  Time since last request: 0.000128 seconds.
  path: Assets/AssetArt/3 Objects/Box2.png
  artifactKey: Guid(c02ca0e96a982ad4e9ce4c637fdcaf23) Importer(815301076,1909f56bfc062723c751e8b465ee728b)
Start importing Assets/AssetArt/3 Objects/Box2.png using Guid(c02ca0e96a982ad4e9ce4c637fdcaf23) Importer(815301076,1909f56bfc062723c751e8b465ee728b)  -> (artifact id: '59f85b35698410dafc7641b4c1758c1b') in 0.009167 seconds 
  Import took 0.013138 seconds .

========================================================================
Received Import Request.
  Time since last request: 0.000124 seconds.
  path: Assets/AssetArt/3 Objects/Box5.png
  artifactKey: Guid(3307eb2b84c2b1a43b3c6c646cd2353a) Importer(815301076,1909f56bfc062723c751e8b465ee728b)
Start importing Assets/AssetArt/3 Objects/Box5.png using Guid(3307eb2b84c2b1a43b3c6c646cd2353a) Importer(815301076,1909f56bfc062723c751e8b465ee728b)  -> (artifact id: 'dc63bce313a6d42798374bcfb8ece1c6') in 0.008646 seconds 
  Import took 0.012712 seconds .

========================================================================
Received Import Request.
  Time since last request: 0.000122 seconds.
  path: Assets/AssetArt/3 Objects/Mop.png
  artifactKey: Guid(df9525e88b933574e9857f171184ce69) Importer(815301076,1909f56bfc062723c751e8b465ee728b)
Start importing Assets/AssetArt/3 Objects/Mop.png using Guid(df9525e88b933574e9857f171184ce69) Importer(815301076,1909f56bfc062723c751e8b465ee728b)  -> (artifact id: '171be4c89acf7ada4bf35b726087d1e3') in 0.009507 seconds 
  Import took 0.013478 seconds .

========================================================================
Received Import Request.
  Time since last request: 0.000117 seconds.
  path: Assets/AssetArt/3 Objects/Box7.png
  artifactKey: Guid(c13eba395068ba14399bfa9826b270a3) Importer(815301076,1909f56bfc062723c751e8b465ee728b)
Start importing Assets/AssetArt/3 Objects/Box7.png using Guid(c13eba395068ba14399bfa9826b270a3) Importer(815301076,1909f56bfc062723c751e8b465ee728b)  -> (artifact id: '56afccffe771aecece5cf50622379401') in 0.008943 seconds 
  Import took 0.013015 seconds .

========================================================================
Received Import Request.
  Time since last request: 0.000144 seconds.
  path: Assets/AssetArt/3 Objects/Pointer2.png
  artifactKey: Guid(67edb5ebe2983374dbc072581c249ac5) Importer(815301076,1909f56bfc062723c751e8b465ee728b)
Start importing Assets/AssetArt/3 Objects/Pointer2.png using Guid(67edb5ebe2983374dbc072581c249ac5) Importer(815301076,1909f56bfc062723c751e8b465ee728b)  -> (artifact id: '5ed8ab2f074ebcea9102429bd6b9a4d1') in 0.008885 seconds 
  Import took 0.013198 seconds .

========================================================================
Received Import Request.
  Time since last request: 0.000122 seconds.
  path: Assets/AssetArt/3 Objects/9.png
  artifactKey: Guid(47eccc287ac2e8c46a7f6f3fd1f59717) Importer(815301076,1909f56bfc062723c751e8b465ee728b)
Start importing Assets/AssetArt/3 Objects/9.png using Guid(47eccc287ac2e8c46a7f6f3fd1f59717) Importer(815301076,1909f56bfc062723c751e8b465ee728b)  -> (artifact id: '99db3a032e5204753101d9237ff1af15') in 0.008541 seconds 
  Import took 0.012469 seconds .

========================================================================
Received Import Request.
  Time since last request: 0.000121 seconds.
  path: Assets/AssetArt/3 Objects/Box6.png
  artifactKey: Guid(af83fc68a0802824b948c8b7c814b99d) Importer(815301076,1909f56bfc062723c751e8b465ee728b)
Start importing Assets/AssetArt/3 Objects/Box6.png using Guid(af83fc68a0802824b948c8b7c814b99d) Importer(815301076,1909f56bfc062723c751e8b465ee728b)  -> (artifact id: '2442a666f27650d00f3915412980745a') in 0.008772 seconds 
  Import took 0.012796 seconds .

========================================================================
Received Import Request.
  Time since last request: 0.000122 seconds.
  path: Assets/AssetArt/3 Objects/Ladder2.png
  artifactKey: Guid(5163e7e8ab4011444b74185cf8caae38) Importer(815301076,1909f56bfc062723c751e8b465ee728b)
Start importing Assets/AssetArt/3 Objects/Ladder2.png using Guid(5163e7e8ab4011444b74185cf8caae38) Importer(815301076,1909f56bfc062723c751e8b465ee728b)  -> (artifact id: '7d53ba7b6d1412862f9fcfec2d8b937a') in 0.008612 seconds 
  Import took 0.012575 seconds .

========================================================================
Received Import Request.
  Time since last request: 0.000122 seconds.
  path: Assets/AssetArt/3 Objects/2.png
  artifactKey: Guid(a885c185542e7a547ae095548e47074f) Importer(815301076,1909f56bfc062723c751e8b465ee728b)
Start importing Assets/AssetArt/3 Objects/2.png using Guid(a885c185542e7a547ae095548e47074f) Importer(815301076,1909f56bfc062723c751e8b465ee728b)  -> (artifact id: '9d861f159b43a56f3ea834f499bbdd55') in 0.008859 seconds 
  Import took 0.012897 seconds .

========================================================================
Received Import Request.
  Time since last request: 0.000125 seconds.
  path: Assets/AssetArt/3 Objects/Box4.png
  artifactKey: Guid(d9280d9c1eb7dfd42bcb3daaedddb272) Importer(815301076,1909f56bfc062723c751e8b465ee728b)
Start importing Assets/AssetArt/3 Objects/Box4.png using Guid(d9280d9c1eb7dfd42bcb3daaedddb272) Importer(815301076,1909f56bfc062723c751e8b465ee728b)  -> (artifact id: '93a524cad61fd55dc7335caf521309eb') in 0.008644 seconds 
  Import took 0.012571 seconds .

========================================================================
Received Import Request.
  Time since last request: 535.873415 seconds.
  path: Assets/Prefabs/CosmeticPrefabs/0.prefab
  artifactKey: Guid(bdc0119b9f58c6141a9010c9593f7696) Importer(815301076,1909f56bfc062723c751e8b465ee728b)
Start importing Assets/Prefabs/CosmeticPrefabs/0.prefab using Guid(bdc0119b9f58c6141a9010c9593f7696) Importer(815301076,1909f56bfc062723c751e8b465ee728b)  -> (artifact id: '51c83571591d32b94da9995b055b304e') in 0.121218 seconds 
  Import took 0.126264 seconds .

========================================================================
Received Import Request.
  Time since last request: 1.714078 seconds.
  path: Assets/Prefabs/CosmeticPrefabs/1.prefab
  artifactKey: Guid(3fcfde9d36e1e63409715d23e8c3dc0e) Importer(815301076,1909f56bfc062723c751e8b465ee728b)
Start importing Assets/Prefabs/CosmeticPrefabs/1.prefab using Guid(3fcfde9d36e1e63409715d23e8c3dc0e) Importer(815301076,1909f56bfc062723c751e8b465ee728b)  -> (artifact id: 'd606919efba90e03a96c4eae0d64bed4') in 0.008571 seconds 
  Import took 0.012788 seconds .

========================================================================
Received Import Request.
  Time since last request: 1.578006 seconds.
  path: Assets/Prefabs/CosmeticPrefabs/2.prefab
  artifactKey: Guid(32d116666b4015641a77574b0f3ae6bc) Importer(815301076,1909f56bfc062723c751e8b465ee728b)
Start importing Assets/Prefabs/CosmeticPrefabs/2.prefab using Guid(32d116666b4015641a77574b0f3ae6bc) Importer(815301076,1909f56bfc062723c751e8b465ee728b)  -> (artifact id: '4d13a6d13f94cb65f456776db7fd956b') in 0.007799 seconds 
  Import took 0.012345 seconds .

========================================================================
Received Import Request.
  Time since last request: 1.603720 seconds.
  path: Assets/Prefabs/CosmeticPrefabs/3.prefab
  artifactKey: Guid(030a33e84d14d9e4aa73428e729a6cba) Importer(815301076,1909f56bfc062723c751e8b465ee728b)
Start importing Assets/Prefabs/CosmeticPrefabs/3.prefab using Guid(030a33e84d14d9e4aa73428e729a6cba) Importer(815301076,1909f56bfc062723c751e8b465ee728b)  -> (artifact id: '692e9aac2b3eedbde7f8bddb7ce36c44') in 0.007862 seconds 
  Import took 0.012122 seconds .

========================================================================
Received Import Request.
  Time since last request: 1.536930 seconds.
  path: Assets/Prefabs/CosmeticPrefabs/4.prefab
  artifactKey: Guid(ab14313a0eaab62459be0c79d7ce4041) Importer(815301076,1909f56bfc062723c751e8b465ee728b)
Start importing Assets/Prefabs/CosmeticPrefabs/4.prefab using Guid(ab14313a0eaab62459be0c79d7ce4041) Importer(815301076,1909f56bfc062723c751e8b465ee728b)  -> (artifact id: '04385e4886ee2abf80b5201d4caed782') in 0.008373 seconds 
  Import took 0.012726 seconds .

========================================================================
Received Import Request.
  Time since last request: 1.659979 seconds.
  path: Assets/Prefabs/CosmeticPrefabs/5.prefab
  artifactKey: Guid(e70628eb464320d45bd21ba7592d54f4) Importer(815301076,1909f56bfc062723c751e8b465ee728b)
Start importing Assets/Prefabs/CosmeticPrefabs/5.prefab using Guid(e70628eb464320d45bd21ba7592d54f4) Importer(815301076,1909f56bfc062723c751e8b465ee728b)  -> (artifact id: 'd7ba0fe021b2dbba73efb3f135aaae62') in 0.007848 seconds 
  Import took 0.012223 seconds .

========================================================================
Received Import Request.
  Time since last request: 1.803099 seconds.
  path: Assets/Prefabs/CosmeticPrefabs/6.prefab
  artifactKey: Guid(f6528664d2abcb343821434f144b0ab4) Importer(815301076,1909f56bfc062723c751e8b465ee728b)
Start importing Assets/Prefabs/CosmeticPrefabs/6.prefab using Guid(f6528664d2abcb343821434f144b0ab4) Importer(815301076,1909f56bfc062723c751e8b465ee728b)  -> (artifact id: '369229bd9bc733e23280c1876cf0631b') in 0.008223 seconds 
  Import took 0.012766 seconds .

========================================================================
Received Import Request.
  Time since last request: 1.688507 seconds.
  path: Assets/Prefabs/CosmeticPrefabs/7.prefab
  artifactKey: Guid(770516da4fabf534d9d3801e72c0859a) Importer(815301076,1909f56bfc062723c751e8b465ee728b)
Start importing Assets/Prefabs/CosmeticPrefabs/7.prefab using Guid(770516da4fabf534d9d3801e72c0859a) Importer(815301076,1909f56bfc062723c751e8b465ee728b)  -> (artifact id: '07fd7d308c0fa50f777d38d8475d2e17') in 0.008018 seconds 
  Import took 0.012490 seconds .

========================================================================
Received Import Request.
  Time since last request: 1.664395 seconds.
  path: Assets/Prefabs/CosmeticPrefabs/8.prefab
  artifactKey: Guid(8529532102ac62c48b70979ae3bb6d8d) Importer(815301076,1909f56bfc062723c751e8b465ee728b)
Start importing Assets/Prefabs/CosmeticPrefabs/8.prefab using Guid(8529532102ac62c48b70979ae3bb6d8d) Importer(815301076,1909f56bfc062723c751e8b465ee728b)  -> (artifact id: '1381e9767e44f1e4ea9cd0dea304b281') in 0.008334 seconds 
  Import took 0.012761 seconds .

========================================================================
Received Import Request.
  Time since last request: 1.688815 seconds.
  path: Assets/Prefabs/CosmeticPrefabs/9.prefab
  artifactKey: Guid(e5f47f7724074ad4eb562ff8a4d03e5f) Importer(815301076,1909f56bfc062723c751e8b465ee728b)
Start importing Assets/Prefabs/CosmeticPrefabs/9.prefab using Guid(e5f47f7724074ad4eb562ff8a4d03e5f) Importer(815301076,1909f56bfc062723c751e8b465ee728b)  -> (artifact id: '5f5fbb3361ca35b292d6fb766f77a3a1') in 0.008315 seconds 
  Import took 0.012548 seconds .

========================================================================
Received Import Request.
  Time since last request: 3.138809 seconds.
  path: Assets/Prefabs/CosmeticPrefabs/Barrel1.prefab
  artifactKey: Guid(47735791641b77f4a9c9f9dcf35df833) Importer(815301076,1909f56bfc062723c751e8b465ee728b)
Start importing Assets/Prefabs/CosmeticPrefabs/Barrel1.prefab using Guid(47735791641b77f4a9c9f9dcf35df833) Importer(815301076,1909f56bfc062723c751e8b465ee728b)  -> (artifact id: 'b073f062e1543c3e51972403094f38aa') in 0.007810 seconds 
  Import took 0.012174 seconds .

========================================================================
Received Import Request.
  Time since last request: 1.671610 seconds.
  path: Assets/Prefabs/CosmeticPrefabs/Barrel2.prefab
  artifactKey: Guid(3cbddfc26c2637243bec656e85d64bcd) Importer(815301076,1909f56bfc062723c751e8b465ee728b)
Start importing Assets/Prefabs/CosmeticPrefabs/Barrel2.prefab using Guid(3cbddfc26c2637243bec656e85d64bcd) Importer(815301076,1909f56bfc062723c751e8b465ee728b)  -> (artifact id: '2d623412b97f721c16cec5f8eb5b2845') in 0.007768 seconds 
  Import took 0.012018 seconds .

========================================================================
Received Import Request.
  Time since last request: 2.630926 seconds.
  path: Assets/Prefabs/CosmeticPrefabs/Barrel3.prefab
  artifactKey: Guid(a7e8423eaed312945af05923bf818db1) Importer(815301076,1909f56bfc062723c751e8b465ee728b)
Start importing Assets/Prefabs/CosmeticPrefabs/Barrel3.prefab using Guid(a7e8423eaed312945af05923bf818db1) Importer(815301076,1909f56bfc062723c751e8b465ee728b)  -> (artifact id: 'e173bfa259bf775d2f9da833baa0fb1b') in 0.008789 seconds 
  Import took 0.013103 seconds .

========================================================================
Received Import Request.
  Time since last request: 2.033611 seconds.
  path: Assets/Prefabs/CosmeticPrefabs/Barrel4.prefab
  artifactKey: Guid(a96f2a1ae44b277449864f2d746a598c) Importer(815301076,1909f56bfc062723c751e8b465ee728b)
Start importing Assets/Prefabs/CosmeticPrefabs/Barrel4.prefab using Guid(a96f2a1ae44b277449864f2d746a598c) Importer(815301076,1909f56bfc062723c751e8b465ee728b)  -> (artifact id: 'c23850af11e3d73812d9e6aea2cd1427') in 0.011249 seconds 
  Import took 0.015588 seconds .

========================================================================
Received Import Request.
  Time since last request: 1.563592 seconds.
  path: Assets/Prefabs/CosmeticPrefabs/Bench.prefab
  artifactKey: Guid(564ac9749f0413a4cb5ec5d3ca07fcb6) Importer(815301076,1909f56bfc062723c751e8b465ee728b)
Start importing Assets/Prefabs/CosmeticPrefabs/Bench.prefab using Guid(564ac9749f0413a4cb5ec5d3ca07fcb6) Importer(815301076,1909f56bfc062723c751e8b465ee728b)  -> (artifact id: 'af7d6155353a7222ba88f40651786cd5') in 0.008652 seconds 
  Import took 0.013175 seconds .

========================================================================
Received Import Request.
  Time since last request: 1.441367 seconds.
  path: Assets/Prefabs/CosmeticPrefabs/Board1.prefab
  artifactKey: Guid(ae986c0357fcef54a987eaff2a788011) Importer(815301076,1909f56bfc062723c751e8b465ee728b)
Start importing Assets/Prefabs/CosmeticPrefabs/Board1.prefab using Guid(ae986c0357fcef54a987eaff2a788011) Importer(815301076,1909f56bfc062723c751e8b465ee728b)  -> (artifact id: 'adc693376e431c527a6d5220e77ad4fb') in 0.010186 seconds 
  Import took 0.014451 seconds .

========================================================================
Received Import Request.
  Time since last request: 1.524122 seconds.
  path: Assets/Prefabs/CosmeticPrefabs/Board2.prefab
  artifactKey: Guid(9c649dffcfac41944862de5ffb5b4dee) Importer(815301076,1909f56bfc062723c751e8b465ee728b)
Start importing Assets/Prefabs/CosmeticPrefabs/Board2.prefab using Guid(9c649dffcfac41944862de5ffb5b4dee) Importer(815301076,1909f56bfc062723c751e8b465ee728b)  -> (artifact id: '7418ec9e5545d947f089eec11532112e') in 0.008447 seconds 
  Import took 0.012777 seconds .

========================================================================
Received Import Request.
  Time since last request: 1.411386 seconds.
  path: Assets/Prefabs/CosmeticPrefabs/Board3.prefab
  artifactKey: Guid(0ec1f803760fed640bb2734409b2b476) Importer(815301076,1909f56bfc062723c751e8b465ee728b)
Start importing Assets/Prefabs/CosmeticPrefabs/Board3.prefab using Guid(0ec1f803760fed640bb2734409b2b476) Importer(815301076,1909f56bfc062723c751e8b465ee728b)  -> (artifact id: 'bd823434a64afe59003d8991a13621ba') in 0.008786 seconds 
  Import took 0.013100 seconds .

========================================================================
Received Import Request.
  Time since last request: 1.479671 seconds.
  path: Assets/Prefabs/CosmeticPrefabs/Box1.prefab
  artifactKey: Guid(1e091a188d9c59046bcdb8095a92f552) Importer(815301076,1909f56bfc062723c751e8b465ee728b)
Start importing Assets/Prefabs/CosmeticPrefabs/Box1.prefab using Guid(1e091a188d9c59046bcdb8095a92f552) Importer(815301076,1909f56bfc062723c751e8b465ee728b)  -> (artifact id: 'eb9ff2ee9f921aebfc703932c9fe3dc2') in 0.009159 seconds 
  Import took 0.013491 seconds .

========================================================================
Received Import Request.
  Time since last request: 1.710691 seconds.
  path: Assets/Prefabs/CosmeticPrefabs/Box2.prefab
  artifactKey: Guid(5e14754ededa16940902a0a1c065320e) Importer(815301076,1909f56bfc062723c751e8b465ee728b)
Start importing Assets/Prefabs/CosmeticPrefabs/Box2.prefab using Guid(5e14754ededa16940902a0a1c065320e) Importer(815301076,1909f56bfc062723c751e8b465ee728b)  -> (artifact id: 'ff597cceadebc9cae40f3460e8954b39') in 0.008184 seconds 
  Import took 0.012452 seconds .

========================================================================
Received Import Request.
  Time since last request: 1.591369 seconds.
  path: Assets/Prefabs/CosmeticPrefabs/Box3.prefab
  artifactKey: Guid(d71af2511283df84cb6d4721d228f626) Importer(815301076,1909f56bfc062723c751e8b465ee728b)
Start importing Assets/Prefabs/CosmeticPrefabs/Box3.prefab using Guid(d71af2511283df84cb6d4721d228f626) Importer(815301076,1909f56bfc062723c751e8b465ee728b)  -> (artifact id: '4400f26a4c008cfae2e8ab9f342ea644') in 0.008213 seconds 
  Import took 0.012577 seconds .

========================================================================
Received Import Request.
  Time since last request: 2.467893 seconds.
  path: Assets/Prefabs/CosmeticPrefabs/Box4.prefab
  artifactKey: Guid(c0ea07e905901b8468fcc8f4134d8641) Importer(815301076,1909f56bfc062723c751e8b465ee728b)
Start importing Assets/Prefabs/CosmeticPrefabs/Box4.prefab using Guid(c0ea07e905901b8468fcc8f4134d8641) Importer(815301076,1909f56bfc062723c751e8b465ee728b)  -> (artifact id: '545e8911069d0be6d551ac68590999f8') in 0.007688 seconds 
  Import took 0.012762 seconds .

========================================================================
Received Import Request.
  Time since last request: 2.132589 seconds.
  path: Assets/Prefabs/CosmeticPrefabs/Box5.prefab
  artifactKey: Guid(1d035d0731d433a42bf5e28b6a5ab9c4) Importer(815301076,1909f56bfc062723c751e8b465ee728b)
Start importing Assets/Prefabs/CosmeticPrefabs/Box5.prefab using Guid(1d035d0731d433a42bf5e28b6a5ab9c4) Importer(815301076,1909f56bfc062723c751e8b465ee728b)  -> (artifact id: '07809bdc170718e97dc60e89c954c22e') in 0.008276 seconds 
  Import took 0.012630 seconds .

========================================================================
Received Import Request.
  Time since last request: 1.873796 seconds.
  path: Assets/Prefabs/CosmeticPrefabs/Box6.prefab
  artifactKey: Guid(0a29347728eb3724490eae4eb5c35bfd) Importer(815301076,1909f56bfc062723c751e8b465ee728b)
Start importing Assets/Prefabs/CosmeticPrefabs/Box6.prefab using Guid(0a29347728eb3724490eae4eb5c35bfd) Importer(815301076,1909f56bfc062723c751e8b465ee728b)  -> (artifact id: 'be6bc1b7ccce4d88ad4ad2d2dda3e32e') in 0.009062 seconds 
  Import took 0.013321 seconds .

========================================================================
Received Import Request.
  Time since last request: 2.133955 seconds.
  path: Assets/Prefabs/CosmeticPrefabs/Box7.prefab
  artifactKey: Guid(359127d3921bf274fa13e350a885f510) Importer(815301076,1909f56bfc062723c751e8b465ee728b)
Start importing Assets/Prefabs/CosmeticPrefabs/Box7.prefab using Guid(359127d3921bf274fa13e350a885f510) Importer(815301076,1909f56bfc062723c751e8b465ee728b)  -> (artifact id: '2a71f27b114160ff0ba07e133bc13ce2') in 0.008168 seconds 
  Import took 0.012562 seconds .

========================================================================
Received Import Request.
  Time since last request: 2.819152 seconds.
  path: Assets/Prefabs/CosmeticPrefabs/Box8.prefab
  artifactKey: Guid(e1d56b1f9d45f2c44be24d3701b0b75d) Importer(815301076,1909f56bfc062723c751e8b465ee728b)
Start importing Assets/Prefabs/CosmeticPrefabs/Box8.prefab using Guid(e1d56b1f9d45f2c44be24d3701b0b75d) Importer(815301076,1909f56bfc062723c751e8b465ee728b)  -> (artifact id: 'a1faa41f161079cb9e7bb2d687ef6a8d') in 0.009126 seconds 
  Import took 0.013358 seconds .

========================================================================
Received Import Request.
  Time since last request: 1.980524 seconds.
  path: Assets/Prefabs/CosmeticPrefabs/Bucket.prefab
  artifactKey: Guid(aa799ee7f3d0ad54bb1dd6aff24a20a9) Importer(815301076,1909f56bfc062723c751e8b465ee728b)
Start importing Assets/Prefabs/CosmeticPrefabs/Bucket.prefab using Guid(aa799ee7f3d0ad54bb1dd6aff24a20a9) Importer(815301076,1909f56bfc062723c751e8b465ee728b)  -> (artifact id: 'cba976aef974041f24250fbb2ab99592') in 0.008363 seconds 
  Import took 0.012676 seconds .

========================================================================
Received Import Request.
  Time since last request: 1.573752 seconds.
  path: Assets/Prefabs/CosmeticPrefabs/Fence1.prefab
  artifactKey: Guid(bb89ab481d601a84391180259d27bf33) Importer(815301076,1909f56bfc062723c751e8b465ee728b)
Start importing Assets/Prefabs/CosmeticPrefabs/Fence1.prefab using Guid(bb89ab481d601a84391180259d27bf33) Importer(815301076,1909f56bfc062723c751e8b465ee728b)  -> (artifact id: '6000b891c18eeef706c7dcb0124e3512') in 0.007560 seconds 
  Import took 0.011841 seconds .

========================================================================
Received Import Request.
  Time since last request: 2.054773 seconds.
  path: Assets/Prefabs/CosmeticPrefabs/Fence2.prefab
  artifactKey: Guid(bf2e45e21f6fc224f8a7cccdcfc7e0ab) Importer(815301076,1909f56bfc062723c751e8b465ee728b)
Start importing Assets/Prefabs/CosmeticPrefabs/Fence2.prefab using Guid(bf2e45e21f6fc224f8a7cccdcfc7e0ab) Importer(815301076,1909f56bfc062723c751e8b465ee728b)  -> (artifact id: '491309b99c3bf4b2aa7ed939c8080971') in 0.007965 seconds 
  Import took 0.012514 seconds .

========================================================================
Received Import Request.
  Time since last request: 1.854918 seconds.
  path: Assets/Prefabs/CosmeticPrefabs/Fence3.prefab
  artifactKey: Guid(08d12c1028ec81d4a835aced3bd5633a) Importer(815301076,1909f56bfc062723c751e8b465ee728b)
Start importing Assets/Prefabs/CosmeticPrefabs/Fence3.prefab using Guid(08d12c1028ec81d4a835aced3bd5633a) Importer(815301076,1909f56bfc062723c751e8b465ee728b)  -> (artifact id: '827da3c474a9b5e07a98d5d0c89bae48') in 0.007617 seconds 
  Import took 0.011915 seconds .

========================================================================
Received Import Request.
  Time since last request: 2.380659 seconds.
  path: Assets/Prefabs/CosmeticPrefabs/Fire-extinguisher1.prefab
  artifactKey: Guid(80988cb8385a4ba4891a419a6ca47dc0) Importer(815301076,1909f56bfc062723c751e8b465ee728b)
Start importing Assets/Prefabs/CosmeticPrefabs/Fire-extinguisher1.prefab using Guid(80988cb8385a4ba4891a419a6ca47dc0) Importer(815301076,1909f56bfc062723c751e8b465ee728b)  -> (artifact id: '7ec9c1345e655ceca1c20258c8c5da2b') in 0.007554 seconds 
  Import took 0.011942 seconds .

========================================================================
Received Import Request.
  Time since last request: 1.952997 seconds.
  path: Assets/Prefabs/CosmeticPrefabs/Fire-extinguisher2.prefab
  artifactKey: Guid(bc5996c3b089ca24d943141a135de6c7) Importer(815301076,1909f56bfc062723c751e8b465ee728b)
Start importing Assets/Prefabs/CosmeticPrefabs/Fire-extinguisher2.prefab using Guid(bc5996c3b089ca24d943141a135de6c7) Importer(815301076,1909f56bfc062723c751e8b465ee728b)  -> (artifact id: 'aceb0af474dc28307f681ffbf1d28160') in 0.008286 seconds 
  Import took 0.012638 seconds .

========================================================================
Received Import Request.
  Time since last request: 1.860719 seconds.
  path: Assets/Prefabs/CosmeticPrefabs/Fire-extinguisher3.prefab
  artifactKey: Guid(dfbe2a2be7d850d41a61cde958b4e1dd) Importer(815301076,1909f56bfc062723c751e8b465ee728b)
Start importing Assets/Prefabs/CosmeticPrefabs/Fire-extinguisher3.prefab using Guid(dfbe2a2be7d850d41a61cde958b4e1dd) Importer(815301076,1909f56bfc062723c751e8b465ee728b)  -> (artifact id: 'e0788bb440f0b1994cf350ed05cd6902') in 0.007403 seconds 
  Import took 0.011781 seconds .

========================================================================
Received Import Request.
  Time since last request: 2.340581 seconds.
  path: Assets/Prefabs/CosmeticPrefabs/Flag.prefab
  artifactKey: Guid(b6f730281127d9d43906719422d02148) Importer(815301076,1909f56bfc062723c751e8b465ee728b)
Start importing Assets/Prefabs/CosmeticPrefabs/Flag.prefab using Guid(b6f730281127d9d43906719422d02148) Importer(815301076,1909f56bfc062723c751e8b465ee728b)  -> (artifact id: '77f514e9b2e77d2b139e4003a831d7d1') in 0.008827 seconds 
  Import took 0.013320 seconds .

========================================================================
Received Import Request.
  Time since last request: 2.814331 seconds.
  path: Assets/Prefabs/CosmeticPrefabs/Ladder1.prefab
  artifactKey: Guid(ca6ccfc93e9553848bd82d85f077bb35) Importer(815301076,1909f56bfc062723c751e8b465ee728b)
Start importing Assets/Prefabs/CosmeticPrefabs/Ladder1.prefab using Guid(ca6ccfc93e9553848bd82d85f077bb35) Importer(815301076,1909f56bfc062723c751e8b465ee728b)  -> (artifact id: 'beca43087eed859a8ac8bc4801619b9a') in 0.009779 seconds 
  Import took 0.014051 seconds .

========================================================================
Received Import Request.
  Time since last request: 2.035925 seconds.
  path: Assets/Prefabs/CosmeticPrefabs/Ladder2.prefab
  artifactKey: Guid(b80c1b8dc17c0d742b2e493d1ccb702d) Importer(815301076,1909f56bfc062723c751e8b465ee728b)
Start importing Assets/Prefabs/CosmeticPrefabs/Ladder2.prefab using Guid(b80c1b8dc17c0d742b2e493d1ccb702d) Importer(815301076,1909f56bfc062723c751e8b465ee728b)  -> (artifact id: '96e058f8a444655a8126e5284e000e0b') in 0.008865 seconds 
  Import took 0.013181 seconds .

========================================================================
Received Import Request.
  Time since last request: 3.012436 seconds.
  path: Assets/Prefabs/CosmeticPrefabs/Ladder3.prefab
  artifactKey: Guid(71d8c80b7f0053449bbf986f61c0285a) Importer(815301076,1909f56bfc062723c751e8b465ee728b)
Start importing Assets/Prefabs/CosmeticPrefabs/Ladder3.prefab using Guid(71d8c80b7f0053449bbf986f61c0285a) Importer(815301076,1909f56bfc062723c751e8b465ee728b)  -> (artifact id: '43ad52ea4fa7d77d308cacd0f2033396') in 0.008155 seconds 
  Import took 0.012469 seconds .

========================================================================
Received Import Request.
  Time since last request: 2.461906 seconds.
  path: Assets/Prefabs/CosmeticPrefabs/Locker1.prefab
  artifactKey: Guid(8dcb90bc29289fa4795329d894646cab) Importer(815301076,1909f56bfc062723c751e8b465ee728b)
Start importing Assets/Prefabs/CosmeticPrefabs/Locker1.prefab using Guid(8dcb90bc29289fa4795329d894646cab) Importer(815301076,1909f56bfc062723c751e8b465ee728b)  -> (artifact id: '2f6514df21d73a55c94174f7b9687c54') in 0.008555 seconds 
  Import took 0.012967 seconds .

========================================================================
Received Import Request.
  Time since last request: 1.972311 seconds.
  path: Assets/Prefabs/CosmeticPrefabs/Locker2.prefab
  artifactKey: Guid(0920740e5aeae1a48b7d2083f077a885) Importer(815301076,1909f56bfc062723c751e8b465ee728b)
Start importing Assets/Prefabs/CosmeticPrefabs/Locker2.prefab using Guid(0920740e5aeae1a48b7d2083f077a885) Importer(815301076,1909f56bfc062723c751e8b465ee728b)  -> (artifact id: 'a56a8a26ea1e035ad1d8343536fb3844') in 0.010103 seconds 
  Import took 0.014492 seconds .

========================================================================
Received Import Request.
  Time since last request: 1.228238 seconds.
  path: Assets/Prefabs/CosmeticPrefabs/Mop.prefab
  artifactKey: Guid(dd4bbf26f593a5343b4a1ee602e4053b) Importer(815301076,1909f56bfc062723c751e8b465ee728b)
Start importing Assets/Prefabs/CosmeticPrefabs/Mop.prefab using Guid(dd4bbf26f593a5343b4a1ee602e4053b) Importer(815301076,1909f56bfc062723c751e8b465ee728b)  -> (artifact id: '265a56845f1e1db7dcfb3f99235703b9') in 0.009748 seconds 
  Import took 0.014132 seconds .

========================================================================
Received Import Request.
  Time since last request: 1.757508 seconds.
  path: Assets/Prefabs/CosmeticPrefabs/Pointer1.prefab
  artifactKey: Guid(1369691f540fc3a4ba7e10bc7adeae4b) Importer(815301076,1909f56bfc062723c751e8b465ee728b)
Start importing Assets/Prefabs/CosmeticPrefabs/Pointer1.prefab using Guid(1369691f540fc3a4ba7e10bc7adeae4b) Importer(815301076,1909f56bfc062723c751e8b465ee728b)  -> (artifact id: '76e9d1d45264e98d09abd028870f10ea') in 0.008526 seconds 
  Import took 0.012899 seconds .

========================================================================
Received Import Request.
  Time since last request: 1.920377 seconds.
  path: Assets/Prefabs/CosmeticPrefabs/Pointer2.prefab
  artifactKey: Guid(36f419001b220b241b697c6a1b7988cd) Importer(815301076,1909f56bfc062723c751e8b465ee728b)
Start importing Assets/Prefabs/CosmeticPrefabs/Pointer2.prefab using Guid(36f419001b220b241b697c6a1b7988cd) Importer(815301076,1909f56bfc062723c751e8b465ee728b)  -> (artifact id: '8ff0843988f95a6822279f8581a7a973') in 0.008762 seconds 
  Import took 0.013016 seconds .

========================================================================
Received Import Request.
  Time since last request: 2.674785 seconds.
  path: Assets/Prefabs/CosmeticPrefabs/Locker3.prefab
  artifactKey: Guid(88ae1ca73cec52b459bcf706e47cc2c4) Importer(815301076,1909f56bfc062723c751e8b465ee728b)
Start importing Assets/Prefabs/CosmeticPrefabs/Locker3.prefab using Guid(88ae1ca73cec52b459bcf706e47cc2c4) Importer(815301076,1909f56bfc062723c751e8b465ee728b)  -> (artifact id: 'e8349abc454d2d6e2b49953f534aed0f') in 0.008360 seconds 
  Import took 0.012661 seconds .

========================================================================
Received Import Request.
  Time since last request: 2.252445 seconds.
  path: Assets/Prefabs/CosmeticPrefabs/Locker4.prefab
  artifactKey: Guid(3ee739a04c564264c900c6cc8ed64e07) Importer(815301076,1909f56bfc062723c751e8b465ee728b)
Start importing Assets/Prefabs/CosmeticPrefabs/Locker4.prefab using Guid(3ee739a04c564264c900c6cc8ed64e07) Importer(815301076,1909f56bfc062723c751e8b465ee728b)  -> (artifact id: 'ad6b539dfc15a78ffe1585dc6c47d93d') in 0.008077 seconds 
  Import took 0.012331 seconds .

AssetImportWorkerClient::OnTransportError - code=2 error=End of file
